<?xml version="1.0" encoding="UTF-8"?>
<testng-results ignored="0" total="16" passed="0" failed="0" skipped="16">
  <reporter-output>
  </reporter-output>
  <suite started-at="2020-11-06T17:35:36 IST" name="Default suite" finished-at="2020-11-06T17:36:18 IST" duration-ms="41920">
    <groups>
    </groups>
    <test started-at="2020-11-06T17:35:36 IST" name="Default test" finished-at="2020-11-06T17:36:18 IST" duration-ms="41920">
      <class name="IdentifyBikesandCars.IdentifyBikesTest">
        <test-method is-config="true" signature="initialize()[pri:0, instance:IdentifyBikesandCars.IdentifyBikesTest@710b18a6]" started-at="2020-11-06T17:35:36 IST" name="initialize" finished-at="2020-11-06T17:36:17 IST" duration-ms="40921" status="FAIL">
          <exception class="org.openqa.selenium.SessionNotCreatedException">
            <message>
              <![CDATA[session not created: This version of ChromeDriver only supports Chrome version 79
Build info: version: '3.141.59', revision: 'e82be7d358', time: '2018-11-14T08:17:03'
System info: host: 'DESKTOP-VJLDRGC', ip: '192.168.0.102', os.name: 'Windows 10', os.arch: 'amd64', os.version: '10.0', java.version: '14.0.2'
Driver info: driver.version: ChromeDriver
remote stacktrace: Backtrace:
Ordinal0 [0x00CE9F93+1548179]
Ordinal0 [0x00C6DC51+1039441]
Ordinal0 [0x00BEE495+517269]
Ordinal0 [0x00B7FD34+64820]
Ordinal0 [0x00B7C61E+50718]
Ordinal0 [0x00B9B797+178071]
Ordinal0 [0x00B9B59D+177565]
Ordinal0 [0x00B995FB+169467]
Ordinal0 [0x00B8160A+71178]
Ordinal0 [0x00B82690+75408]
Ordinal0 [0x00B82629+75305]
Ordinal0 [0x00C87047+1142855]
GetHandleVerifier [0x00D82996+507766]
GetHandleVerifier [0x00D826B4+507028]
GetHandleVerifier [0x00D89D97+537463]
GetHandleVerifier [0x00D83252+510002]
Ordinal0 [0x00C7F12C+1110316]
Ordinal0 [0x00C8921B+1151515]
Ordinal0 [0x00C89383+1151875]
Ordinal0 [0x00C88285+1147525]
BaseThreadInitThunk [0x76AB6359+25]
RtlGetAppContainerNamedObjectPath [0x773B7B74+228]
RtlGetAppContainerNamedObjectPath [0x773B7B44+180]
]]>
            </message>
            <full-stacktrace>
              <![CDATA[org.openqa.selenium.SessionNotCreatedException: session not created: This version of ChromeDriver only supports Chrome version 79
Build info: version: '3.141.59', revision: 'e82be7d358', time: '2018-11-14T08:17:03'
System info: host: 'DESKTOP-VJLDRGC', ip: '192.168.0.102', os.name: 'Windows 10', os.arch: 'amd64', os.version: '10.0', java.version: '14.0.2'
Driver info: driver.version: ChromeDriver
remote stacktrace: Backtrace:
Ordinal0 [0x00CE9F93+1548179]
Ordinal0 [0x00C6DC51+1039441]
Ordinal0 [0x00BEE495+517269]
Ordinal0 [0x00B7FD34+64820]
Ordinal0 [0x00B7C61E+50718]
Ordinal0 [0x00B9B797+178071]
Ordinal0 [0x00B9B59D+177565]
Ordinal0 [0x00B995FB+169467]
Ordinal0 [0x00B8160A+71178]
Ordinal0 [0x00B82690+75408]
Ordinal0 [0x00B82629+75305]
Ordinal0 [0x00C87047+1142855]
GetHandleVerifier [0x00D82996+507766]
GetHandleVerifier [0x00D826B4+507028]
GetHandleVerifier [0x00D89D97+537463]
GetHandleVerifier [0x00D83252+510002]
Ordinal0 [0x00C7F12C+1110316]
Ordinal0 [0x00C8921B+1151515]
Ordinal0 [0x00C89383+1151875]
Ordinal0 [0x00C88285+1147525]
BaseThreadInitThunk [0x76AB6359+25]
RtlGetAppContainerNamedObjectPath [0x773B7B74+228]
RtlGetAppContainerNamedObjectPath [0x773B7B44+180]

at java.base/jdk.internal.reflect.NativeConstructorAccessorImpl.newInstance0(Native Method)
at java.base/jdk.internal.reflect.NativeConstructorAccessorImpl.newInstance(Unknown Source)
at java.base/jdk.internal.reflect.DelegatingConstructorAccessorImpl.newInstance(Unknown Source)
at java.base/java.lang.reflect.Constructor.newInstanceWithCaller(Unknown Source)
at java.base/java.lang.reflect.Constructor.newInstance(Unknown Source)
at org.openqa.selenium.remote.W3CHandshakeResponse.lambda$errorHandler$0(W3CHandshakeResponse.java:62)
at org.openqa.selenium.remote.HandshakeResponse.lambda$getResponseFunction$0(HandshakeResponse.java:30)
at org.openqa.selenium.remote.ProtocolHandshake.lambda$createSession$0(ProtocolHandshake.java:126)
at java.base/java.util.stream.ReferencePipeline$3$1.accept(Unknown Source)
at java.base/java.util.Spliterators$ArraySpliterator.tryAdvance(Unknown Source)
at java.base/java.util.stream.ReferencePipeline.forEachWithCancel(Unknown Source)
at java.base/java.util.stream.AbstractPipeline.copyIntoWithCancel(Unknown Source)
at java.base/java.util.stream.AbstractPipeline.copyInto(Unknown Source)
at java.base/java.util.stream.AbstractPipeline.wrapAndCopyInto(Unknown Source)
at java.base/java.util.stream.FindOps$FindOp.evaluateSequential(Unknown Source)
at java.base/java.util.stream.AbstractPipeline.evaluate(Unknown Source)
at java.base/java.util.stream.ReferencePipeline.findFirst(Unknown Source)
at org.openqa.selenium.remote.ProtocolHandshake.createSession(ProtocolHandshake.java:128)
at org.openqa.selenium.remote.ProtocolHandshake.createSession(ProtocolHandshake.java:74)
at org.openqa.selenium.remote.HttpCommandExecutor.execute(HttpCommandExecutor.java:136)
at org.openqa.selenium.remote.service.DriverCommandExecutor.execute(DriverCommandExecutor.java:83)
at org.openqa.selenium.remote.RemoteWebDriver.execute(RemoteWebDriver.java:552)
at org.openqa.selenium.remote.RemoteWebDriver.startSession(RemoteWebDriver.java:213)
at org.openqa.selenium.remote.RemoteWebDriver.<init>(RemoteWebDriver.java:131)
at org.openqa.selenium.chrome.ChromeDriver.<init>(ChromeDriver.java:181)
at org.openqa.selenium.chrome.ChromeDriver.<init>(ChromeDriver.java:168)
at org.openqa.selenium.chrome.ChromeDriver.<init>(ChromeDriver.java:157)
at resources.base.initializeDriver(base.java:38)
at IdentifyBikesandCars.IdentifyBikesTest.initialize(IdentifyBikesTest.java:44)
at java.base/jdk.internal.reflect.NativeMethodAccessorImpl.invoke0(Native Method)
at java.base/jdk.internal.reflect.NativeMethodAccessorImpl.invoke(Unknown Source)
at java.base/jdk.internal.reflect.DelegatingMethodAccessorImpl.invoke(Unknown Source)
at java.base/java.lang.reflect.Method.invoke(Unknown Source)
at org.testng.internal.MethodInvocationHelper.invokeMethod(MethodInvocationHelper.java:132)
at org.testng.internal.MethodInvocationHelper.invokeMethodConsideringTimeout(MethodInvocationHelper.java:61)
at org.testng.internal.ConfigInvoker.invokeConfigurationMethod(ConfigInvoker.java:366)
at org.testng.internal.ConfigInvoker.invokeConfigurations(ConfigInvoker.java:320)
at org.testng.TestRunner.invokeTestConfigurations(TestRunner.java:617)
at org.testng.TestRunner.beforeRun(TestRunner.java:607)
at org.testng.TestRunner.run(TestRunner.java:578)
at org.testng.SuiteRunner.runTest(SuiteRunner.java:384)
at org.testng.SuiteRunner.runSequentially(SuiteRunner.java:378)
at org.testng.SuiteRunner.privateRun(SuiteRunner.java:337)
at org.testng.SuiteRunner.run(SuiteRunner.java:286)
at org.testng.SuiteRunnerWorker.runSuite(SuiteRunnerWorker.java:53)
at org.testng.SuiteRunnerWorker.run(SuiteRunnerWorker.java:96)
at org.testng.TestNG.runSuitesSequentially(TestNG.java:1218)
at org.testng.TestNG.runSuitesLocally(TestNG.java:1140)
at org.testng.TestNG.runSuites(TestNG.java:1069)
at org.testng.TestNG.run(TestNG.java:1037)
at org.testng.remote.AbstractRemoteTestNG.run(AbstractRemoteTestNG.java:115)
at org.testng.remote.RemoteTestNG.initAndRun(RemoteTestNG.java:251)
at org.testng.remote.RemoteTestNG.main(RemoteTestNG.java:77)
]]>
            </full-stacktrace>
          </exception> <!-- org.openqa.selenium.SessionNotCreatedException -->
          <reporter-output>
          </reporter-output>
        </test-method> <!-- initialize -->
        <test-method signature="getTitle()[pri:0, instance:IdentifyBikesandCars.IdentifyBikesTest@710b18a6]" started-at="2020-11-06T17:36:18 IST" name="getTitle" finished-at="2020-11-06T17:36:18 IST" duration-ms="0" status="SKIP">
          <exception class="org.openqa.selenium.SessionNotCreatedException">
            <message>
              <![CDATA[session not created: This version of ChromeDriver only supports Chrome version 79
Build info: version: '3.141.59', revision: 'e82be7d358', time: '2018-11-14T08:17:03'
System info: host: 'DESKTOP-VJLDRGC', ip: '192.168.0.102', os.name: 'Windows 10', os.arch: 'amd64', os.version: '10.0', java.version: '14.0.2'
Driver info: driver.version: ChromeDriver
remote stacktrace: Backtrace:
Ordinal0 [0x00CE9F93+1548179]
Ordinal0 [0x00C6DC51+1039441]
Ordinal0 [0x00BEE495+517269]
Ordinal0 [0x00B7FD34+64820]
Ordinal0 [0x00B7C61E+50718]
Ordinal0 [0x00B9B797+178071]
Ordinal0 [0x00B9B59D+177565]
Ordinal0 [0x00B995FB+169467]
Ordinal0 [0x00B8160A+71178]
Ordinal0 [0x00B82690+75408]
Ordinal0 [0x00B82629+75305]
Ordinal0 [0x00C87047+1142855]
GetHandleVerifier [0x00D82996+507766]
GetHandleVerifier [0x00D826B4+507028]
GetHandleVerifier [0x00D89D97+537463]
GetHandleVerifier [0x00D83252+510002]
Ordinal0 [0x00C7F12C+1110316]
Ordinal0 [0x00C8921B+1151515]
Ordinal0 [0x00C89383+1151875]
Ordinal0 [0x00C88285+1147525]
BaseThreadInitThunk [0x76AB6359+25]
RtlGetAppContainerNamedObjectPath [0x773B7B74+228]
RtlGetAppContainerNamedObjectPath [0x773B7B44+180]
]]>
            </message>
            <full-stacktrace>
              <![CDATA[org.openqa.selenium.SessionNotCreatedException: session not created: This version of ChromeDriver only supports Chrome version 79
Build info: version: '3.141.59', revision: 'e82be7d358', time: '2018-11-14T08:17:03'
System info: host: 'DESKTOP-VJLDRGC', ip: '192.168.0.102', os.name: 'Windows 10', os.arch: 'amd64', os.version: '10.0', java.version: '14.0.2'
Driver info: driver.version: ChromeDriver
remote stacktrace: Backtrace:
Ordinal0 [0x00CE9F93+1548179]
Ordinal0 [0x00C6DC51+1039441]
Ordinal0 [0x00BEE495+517269]
Ordinal0 [0x00B7FD34+64820]
Ordinal0 [0x00B7C61E+50718]
Ordinal0 [0x00B9B797+178071]
Ordinal0 [0x00B9B59D+177565]
Ordinal0 [0x00B995FB+169467]
Ordinal0 [0x00B8160A+71178]
Ordinal0 [0x00B82690+75408]
Ordinal0 [0x00B82629+75305]
Ordinal0 [0x00C87047+1142855]
GetHandleVerifier [0x00D82996+507766]
GetHandleVerifier [0x00D826B4+507028]
GetHandleVerifier [0x00D89D97+537463]
GetHandleVerifier [0x00D83252+510002]
Ordinal0 [0x00C7F12C+1110316]
Ordinal0 [0x00C8921B+1151515]
Ordinal0 [0x00C89383+1151875]
Ordinal0 [0x00C88285+1147525]
BaseThreadInitThunk [0x76AB6359+25]
RtlGetAppContainerNamedObjectPath [0x773B7B74+228]
RtlGetAppContainerNamedObjectPath [0x773B7B44+180]

at java.base/jdk.internal.reflect.NativeConstructorAccessorImpl.newInstance0(Native Method)
at java.base/jdk.internal.reflect.NativeConstructorAccessorImpl.newInstance(Unknown Source)
at java.base/jdk.internal.reflect.DelegatingConstructorAccessorImpl.newInstance(Unknown Source)
at java.base/java.lang.reflect.Constructor.newInstanceWithCaller(Unknown Source)
at java.base/java.lang.reflect.Constructor.newInstance(Unknown Source)
at org.openqa.selenium.remote.W3CHandshakeResponse.lambda$errorHandler$0(W3CHandshakeResponse.java:62)
at org.openqa.selenium.remote.HandshakeResponse.lambda$getResponseFunction$0(HandshakeResponse.java:30)
at org.openqa.selenium.remote.ProtocolHandshake.lambda$createSession$0(ProtocolHandshake.java:126)
at java.base/java.util.stream.ReferencePipeline$3$1.accept(Unknown Source)
at java.base/java.util.Spliterators$ArraySpliterator.tryAdvance(Unknown Source)
at java.base/java.util.stream.ReferencePipeline.forEachWithCancel(Unknown Source)
at java.base/java.util.stream.AbstractPipeline.copyIntoWithCancel(Unknown Source)
at java.base/java.util.stream.AbstractPipeline.copyInto(Unknown Source)
at java.base/java.util.stream.AbstractPipeline.wrapAndCopyInto(Unknown Source)
at java.base/java.util.stream.FindOps$FindOp.evaluateSequential(Unknown Source)
at java.base/java.util.stream.AbstractPipeline.evaluate(Unknown Source)
at java.base/java.util.stream.ReferencePipeline.findFirst(Unknown Source)
at org.openqa.selenium.remote.ProtocolHandshake.createSession(ProtocolHandshake.java:128)
at org.openqa.selenium.remote.ProtocolHandshake.createSession(ProtocolHandshake.java:74)
at org.openqa.selenium.remote.HttpCommandExecutor.execute(HttpCommandExecutor.java:136)
at org.openqa.selenium.remote.service.DriverCommandExecutor.execute(DriverCommandExecutor.java:83)
at org.openqa.selenium.remote.RemoteWebDriver.execute(RemoteWebDriver.java:552)
at org.openqa.selenium.remote.RemoteWebDriver.startSession(RemoteWebDriver.java:213)
at org.openqa.selenium.remote.RemoteWebDriver.<init>(RemoteWebDriver.java:131)
at org.openqa.selenium.chrome.ChromeDriver.<init>(ChromeDriver.java:181)
at org.openqa.selenium.chrome.ChromeDriver.<init>(ChromeDriver.java:168)
at org.openqa.selenium.chrome.ChromeDriver.<init>(ChromeDriver.java:157)
at resources.base.initializeDriver(base.java:38)
at IdentifyBikesandCars.IdentifyBikesTest.initialize(IdentifyBikesTest.java:44)
at java.base/jdk.internal.reflect.NativeMethodAccessorImpl.invoke0(Native Method)
at java.base/jdk.internal.reflect.NativeMethodAccessorImpl.invoke(Unknown Source)
at java.base/jdk.internal.reflect.DelegatingMethodAccessorImpl.invoke(Unknown Source)
at java.base/java.lang.reflect.Method.invoke(Unknown Source)
at org.testng.internal.MethodInvocationHelper.invokeMethod(MethodInvocationHelper.java:132)
at org.testng.internal.MethodInvocationHelper.invokeMethodConsideringTimeout(MethodInvocationHelper.java:61)
at org.testng.internal.ConfigInvoker.invokeConfigurationMethod(ConfigInvoker.java:366)
at org.testng.internal.ConfigInvoker.invokeConfigurations(ConfigInvoker.java:320)
at org.testng.TestRunner.invokeTestConfigurations(TestRunner.java:617)
at org.testng.TestRunner.beforeRun(TestRunner.java:607)
at org.testng.TestRunner.run(TestRunner.java:578)
at org.testng.SuiteRunner.runTest(SuiteRunner.java:384)
at org.testng.SuiteRunner.runSequentially(SuiteRunner.java:378)
at org.testng.SuiteRunner.privateRun(SuiteRunner.java:337)
at org.testng.SuiteRunner.run(SuiteRunner.java:286)
at org.testng.SuiteRunnerWorker.runSuite(SuiteRunnerWorker.java:53)
at org.testng.SuiteRunnerWorker.run(SuiteRunnerWorker.java:96)
at org.testng.TestNG.runSuitesSequentially(TestNG.java:1218)
at org.testng.TestNG.runSuitesLocally(TestNG.java:1140)
at org.testng.TestNG.runSuites(TestNG.java:1069)
at org.testng.TestNG.run(TestNG.java:1037)
at org.testng.remote.AbstractRemoteTestNG.run(AbstractRemoteTestNG.java:115)
at org.testng.remote.RemoteTestNG.initAndRun(RemoteTestNG.java:251)
at org.testng.remote.RemoteTestNG.main(RemoteTestNG.java:77)
]]>
            </full-stacktrace>
          </exception> <!-- org.openqa.selenium.SessionNotCreatedException -->
          <reporter-output>
          </reporter-output>
        </test-method> <!-- getTitle -->
        <test-method signature="Bikes()[pri:1, instance:IdentifyBikesandCars.IdentifyBikesTest@710b18a6]" started-at="2020-11-06T17:36:18 IST" name="Bikes" finished-at="2020-11-06T17:36:18 IST" duration-ms="0" status="SKIP">
          <exception class="org.openqa.selenium.SessionNotCreatedException">
            <message>
              <![CDATA[session not created: This version of ChromeDriver only supports Chrome version 79
Build info: version: '3.141.59', revision: 'e82be7d358', time: '2018-11-14T08:17:03'
System info: host: 'DESKTOP-VJLDRGC', ip: '192.168.0.102', os.name: 'Windows 10', os.arch: 'amd64', os.version: '10.0', java.version: '14.0.2'
Driver info: driver.version: ChromeDriver
remote stacktrace: Backtrace:
Ordinal0 [0x00CE9F93+1548179]
Ordinal0 [0x00C6DC51+1039441]
Ordinal0 [0x00BEE495+517269]
Ordinal0 [0x00B7FD34+64820]
Ordinal0 [0x00B7C61E+50718]
Ordinal0 [0x00B9B797+178071]
Ordinal0 [0x00B9B59D+177565]
Ordinal0 [0x00B995FB+169467]
Ordinal0 [0x00B8160A+71178]
Ordinal0 [0x00B82690+75408]
Ordinal0 [0x00B82629+75305]
Ordinal0 [0x00C87047+1142855]
GetHandleVerifier [0x00D82996+507766]
GetHandleVerifier [0x00D826B4+507028]
GetHandleVerifier [0x00D89D97+537463]
GetHandleVerifier [0x00D83252+510002]
Ordinal0 [0x00C7F12C+1110316]
Ordinal0 [0x00C8921B+1151515]
Ordinal0 [0x00C89383+1151875]
Ordinal0 [0x00C88285+1147525]
BaseThreadInitThunk [0x76AB6359+25]
RtlGetAppContainerNamedObjectPath [0x773B7B74+228]
RtlGetAppContainerNamedObjectPath [0x773B7B44+180]
]]>
            </message>
            <full-stacktrace>
              <![CDATA[org.openqa.selenium.SessionNotCreatedException: session not created: This version of ChromeDriver only supports Chrome version 79
Build info: version: '3.141.59', revision: 'e82be7d358', time: '2018-11-14T08:17:03'
System info: host: 'DESKTOP-VJLDRGC', ip: '192.168.0.102', os.name: 'Windows 10', os.arch: 'amd64', os.version: '10.0', java.version: '14.0.2'
Driver info: driver.version: ChromeDriver
remote stacktrace: Backtrace:
Ordinal0 [0x00CE9F93+1548179]
Ordinal0 [0x00C6DC51+1039441]
Ordinal0 [0x00BEE495+517269]
Ordinal0 [0x00B7FD34+64820]
Ordinal0 [0x00B7C61E+50718]
Ordinal0 [0x00B9B797+178071]
Ordinal0 [0x00B9B59D+177565]
Ordinal0 [0x00B995FB+169467]
Ordinal0 [0x00B8160A+71178]
Ordinal0 [0x00B82690+75408]
Ordinal0 [0x00B82629+75305]
Ordinal0 [0x00C87047+1142855]
GetHandleVerifier [0x00D82996+507766]
GetHandleVerifier [0x00D826B4+507028]
GetHandleVerifier [0x00D89D97+537463]
GetHandleVerifier [0x00D83252+510002]
Ordinal0 [0x00C7F12C+1110316]
Ordinal0 [0x00C8921B+1151515]
Ordinal0 [0x00C89383+1151875]
Ordinal0 [0x00C88285+1147525]
BaseThreadInitThunk [0x76AB6359+25]
RtlGetAppContainerNamedObjectPath [0x773B7B74+228]
RtlGetAppContainerNamedObjectPath [0x773B7B44+180]

at java.base/jdk.internal.reflect.NativeConstructorAccessorImpl.newInstance0(Native Method)
at java.base/jdk.internal.reflect.NativeConstructorAccessorImpl.newInstance(Unknown Source)
at java.base/jdk.internal.reflect.DelegatingConstructorAccessorImpl.newInstance(Unknown Source)
at java.base/java.lang.reflect.Constructor.newInstanceWithCaller(Unknown Source)
at java.base/java.lang.reflect.Constructor.newInstance(Unknown Source)
at org.openqa.selenium.remote.W3CHandshakeResponse.lambda$errorHandler$0(W3CHandshakeResponse.java:62)
at org.openqa.selenium.remote.HandshakeResponse.lambda$getResponseFunction$0(HandshakeResponse.java:30)
at org.openqa.selenium.remote.ProtocolHandshake.lambda$createSession$0(ProtocolHandshake.java:126)
at java.base/java.util.stream.ReferencePipeline$3$1.accept(Unknown Source)
at java.base/java.util.Spliterators$ArraySpliterator.tryAdvance(Unknown Source)
at java.base/java.util.stream.ReferencePipeline.forEachWithCancel(Unknown Source)
at java.base/java.util.stream.AbstractPipeline.copyIntoWithCancel(Unknown Source)
at java.base/java.util.stream.AbstractPipeline.copyInto(Unknown Source)
at java.base/java.util.stream.AbstractPipeline.wrapAndCopyInto(Unknown Source)
at java.base/java.util.stream.FindOps$FindOp.evaluateSequential(Unknown Source)
at java.base/java.util.stream.AbstractPipeline.evaluate(Unknown Source)
at java.base/java.util.stream.ReferencePipeline.findFirst(Unknown Source)
at org.openqa.selenium.remote.ProtocolHandshake.createSession(ProtocolHandshake.java:128)
at org.openqa.selenium.remote.ProtocolHandshake.createSession(ProtocolHandshake.java:74)
at org.openqa.selenium.remote.HttpCommandExecutor.execute(HttpCommandExecutor.java:136)
at org.openqa.selenium.remote.service.DriverCommandExecutor.execute(DriverCommandExecutor.java:83)
at org.openqa.selenium.remote.RemoteWebDriver.execute(RemoteWebDriver.java:552)
at org.openqa.selenium.remote.RemoteWebDriver.startSession(RemoteWebDriver.java:213)
at org.openqa.selenium.remote.RemoteWebDriver.<init>(RemoteWebDriver.java:131)
at org.openqa.selenium.chrome.ChromeDriver.<init>(ChromeDriver.java:181)
at org.openqa.selenium.chrome.ChromeDriver.<init>(ChromeDriver.java:168)
at org.openqa.selenium.chrome.ChromeDriver.<init>(ChromeDriver.java:157)
at resources.base.initializeDriver(base.java:38)
at IdentifyBikesandCars.IdentifyBikesTest.initialize(IdentifyBikesTest.java:44)
at java.base/jdk.internal.reflect.NativeMethodAccessorImpl.invoke0(Native Method)
at java.base/jdk.internal.reflect.NativeMethodAccessorImpl.invoke(Unknown Source)
at java.base/jdk.internal.reflect.DelegatingMethodAccessorImpl.invoke(Unknown Source)
at java.base/java.lang.reflect.Method.invoke(Unknown Source)
at org.testng.internal.MethodInvocationHelper.invokeMethod(MethodInvocationHelper.java:132)
at org.testng.internal.MethodInvocationHelper.invokeMethodConsideringTimeout(MethodInvocationHelper.java:61)
at org.testng.internal.ConfigInvoker.invokeConfigurationMethod(ConfigInvoker.java:366)
at org.testng.internal.ConfigInvoker.invokeConfigurations(ConfigInvoker.java:320)
at org.testng.TestRunner.invokeTestConfigurations(TestRunner.java:617)
at org.testng.TestRunner.beforeRun(TestRunner.java:607)
at org.testng.TestRunner.run(TestRunner.java:578)
at org.testng.SuiteRunner.runTest(SuiteRunner.java:384)
at org.testng.SuiteRunner.runSequentially(SuiteRunner.java:378)
at org.testng.SuiteRunner.privateRun(SuiteRunner.java:337)
at org.testng.SuiteRunner.run(SuiteRunner.java:286)
at org.testng.SuiteRunnerWorker.runSuite(SuiteRunnerWorker.java:53)
at org.testng.SuiteRunnerWorker.run(SuiteRunnerWorker.java:96)
at org.testng.TestNG.runSuitesSequentially(TestNG.java:1218)
at org.testng.TestNG.runSuitesLocally(TestNG.java:1140)
at org.testng.TestNG.runSuites(TestNG.java:1069)
at org.testng.TestNG.run(TestNG.java:1037)
at org.testng.remote.AbstractRemoteTestNG.run(AbstractRemoteTestNG.java:115)
at org.testng.remote.RemoteTestNG.initAndRun(RemoteTestNG.java:251)
at org.testng.remote.RemoteTestNG.main(RemoteTestNG.java:77)
]]>
            </full-stacktrace>
          </exception> <!-- org.openqa.selenium.SessionNotCreatedException -->
          <reporter-output>
          </reporter-output>
        </test-method> <!-- Bikes -->
        <test-method signature="upcomingBikes()[pri:2, instance:IdentifyBikesandCars.IdentifyBikesTest@710b18a6]" started-at="2020-11-06T17:36:18 IST" name="upcomingBikes" finished-at="2020-11-06T17:36:18 IST" duration-ms="0" status="SKIP">
          <exception class="org.openqa.selenium.SessionNotCreatedException">
            <message>
              <![CDATA[session not created: This version of ChromeDriver only supports Chrome version 79
Build info: version: '3.141.59', revision: 'e82be7d358', time: '2018-11-14T08:17:03'
System info: host: 'DESKTOP-VJLDRGC', ip: '192.168.0.102', os.name: 'Windows 10', os.arch: 'amd64', os.version: '10.0', java.version: '14.0.2'
Driver info: driver.version: ChromeDriver
remote stacktrace: Backtrace:
Ordinal0 [0x00CE9F93+1548179]
Ordinal0 [0x00C6DC51+1039441]
Ordinal0 [0x00BEE495+517269]
Ordinal0 [0x00B7FD34+64820]
Ordinal0 [0x00B7C61E+50718]
Ordinal0 [0x00B9B797+178071]
Ordinal0 [0x00B9B59D+177565]
Ordinal0 [0x00B995FB+169467]
Ordinal0 [0x00B8160A+71178]
Ordinal0 [0x00B82690+75408]
Ordinal0 [0x00B82629+75305]
Ordinal0 [0x00C87047+1142855]
GetHandleVerifier [0x00D82996+507766]
GetHandleVerifier [0x00D826B4+507028]
GetHandleVerifier [0x00D89D97+537463]
GetHandleVerifier [0x00D83252+510002]
Ordinal0 [0x00C7F12C+1110316]
Ordinal0 [0x00C8921B+1151515]
Ordinal0 [0x00C89383+1151875]
Ordinal0 [0x00C88285+1147525]
BaseThreadInitThunk [0x76AB6359+25]
RtlGetAppContainerNamedObjectPath [0x773B7B74+228]
RtlGetAppContainerNamedObjectPath [0x773B7B44+180]
]]>
            </message>
            <full-stacktrace>
              <![CDATA[org.openqa.selenium.SessionNotCreatedException: session not created: This version of ChromeDriver only supports Chrome version 79
Build info: version: '3.141.59', revision: 'e82be7d358', time: '2018-11-14T08:17:03'
System info: host: 'DESKTOP-VJLDRGC', ip: '192.168.0.102', os.name: 'Windows 10', os.arch: 'amd64', os.version: '10.0', java.version: '14.0.2'
Driver info: driver.version: ChromeDriver
remote stacktrace: Backtrace:
Ordinal0 [0x00CE9F93+1548179]
Ordinal0 [0x00C6DC51+1039441]
Ordinal0 [0x00BEE495+517269]
Ordinal0 [0x00B7FD34+64820]
Ordinal0 [0x00B7C61E+50718]
Ordinal0 [0x00B9B797+178071]
Ordinal0 [0x00B9B59D+177565]
Ordinal0 [0x00B995FB+169467]
Ordinal0 [0x00B8160A+71178]
Ordinal0 [0x00B82690+75408]
Ordinal0 [0x00B82629+75305]
Ordinal0 [0x00C87047+1142855]
GetHandleVerifier [0x00D82996+507766]
GetHandleVerifier [0x00D826B4+507028]
GetHandleVerifier [0x00D89D97+537463]
GetHandleVerifier [0x00D83252+510002]
Ordinal0 [0x00C7F12C+1110316]
Ordinal0 [0x00C8921B+1151515]
Ordinal0 [0x00C89383+1151875]
Ordinal0 [0x00C88285+1147525]
BaseThreadInitThunk [0x76AB6359+25]
RtlGetAppContainerNamedObjectPath [0x773B7B74+228]
RtlGetAppContainerNamedObjectPath [0x773B7B44+180]

at java.base/jdk.internal.reflect.NativeConstructorAccessorImpl.newInstance0(Native Method)
at java.base/jdk.internal.reflect.NativeConstructorAccessorImpl.newInstance(Unknown Source)
at java.base/jdk.internal.reflect.DelegatingConstructorAccessorImpl.newInstance(Unknown Source)
at java.base/java.lang.reflect.Constructor.newInstanceWithCaller(Unknown Source)
at java.base/java.lang.reflect.Constructor.newInstance(Unknown Source)
at org.openqa.selenium.remote.W3CHandshakeResponse.lambda$errorHandler$0(W3CHandshakeResponse.java:62)
at org.openqa.selenium.remote.HandshakeResponse.lambda$getResponseFunction$0(HandshakeResponse.java:30)
at org.openqa.selenium.remote.ProtocolHandshake.lambda$createSession$0(ProtocolHandshake.java:126)
at java.base/java.util.stream.ReferencePipeline$3$1.accept(Unknown Source)
at java.base/java.util.Spliterators$ArraySpliterator.tryAdvance(Unknown Source)
at java.base/java.util.stream.ReferencePipeline.forEachWithCancel(Unknown Source)
at java.base/java.util.stream.AbstractPipeline.copyIntoWithCancel(Unknown Source)
at java.base/java.util.stream.AbstractPipeline.copyInto(Unknown Source)
at java.base/java.util.stream.AbstractPipeline.wrapAndCopyInto(Unknown Source)
at java.base/java.util.stream.FindOps$FindOp.evaluateSequential(Unknown Source)
at java.base/java.util.stream.AbstractPipeline.evaluate(Unknown Source)
at java.base/java.util.stream.ReferencePipeline.findFirst(Unknown Source)
at org.openqa.selenium.remote.ProtocolHandshake.createSession(ProtocolHandshake.java:128)
at org.openqa.selenium.remote.ProtocolHandshake.createSession(ProtocolHandshake.java:74)
at org.openqa.selenium.remote.HttpCommandExecutor.execute(HttpCommandExecutor.java:136)
at org.openqa.selenium.remote.service.DriverCommandExecutor.execute(DriverCommandExecutor.java:83)
at org.openqa.selenium.remote.RemoteWebDriver.execute(RemoteWebDriver.java:552)
at org.openqa.selenium.remote.RemoteWebDriver.startSession(RemoteWebDriver.java:213)
at org.openqa.selenium.remote.RemoteWebDriver.<init>(RemoteWebDriver.java:131)
at org.openqa.selenium.chrome.ChromeDriver.<init>(ChromeDriver.java:181)
at org.openqa.selenium.chrome.ChromeDriver.<init>(ChromeDriver.java:168)
at org.openqa.selenium.chrome.ChromeDriver.<init>(ChromeDriver.java:157)
at resources.base.initializeDriver(base.java:38)
at IdentifyBikesandCars.IdentifyBikesTest.initialize(IdentifyBikesTest.java:44)
at java.base/jdk.internal.reflect.NativeMethodAccessorImpl.invoke0(Native Method)
at java.base/jdk.internal.reflect.NativeMethodAccessorImpl.invoke(Unknown Source)
at java.base/jdk.internal.reflect.DelegatingMethodAccessorImpl.invoke(Unknown Source)
at java.base/java.lang.reflect.Method.invoke(Unknown Source)
at org.testng.internal.MethodInvocationHelper.invokeMethod(MethodInvocationHelper.java:132)
at org.testng.internal.MethodInvocationHelper.invokeMethodConsideringTimeout(MethodInvocationHelper.java:61)
at org.testng.internal.ConfigInvoker.invokeConfigurationMethod(ConfigInvoker.java:366)
at org.testng.internal.ConfigInvoker.invokeConfigurations(ConfigInvoker.java:320)
at org.testng.TestRunner.invokeTestConfigurations(TestRunner.java:617)
at org.testng.TestRunner.beforeRun(TestRunner.java:607)
at org.testng.TestRunner.run(TestRunner.java:578)
at org.testng.SuiteRunner.runTest(SuiteRunner.java:384)
at org.testng.SuiteRunner.runSequentially(SuiteRunner.java:378)
at org.testng.SuiteRunner.privateRun(SuiteRunner.java:337)
at org.testng.SuiteRunner.run(SuiteRunner.java:286)
at org.testng.SuiteRunnerWorker.runSuite(SuiteRunnerWorker.java:53)
at org.testng.SuiteRunnerWorker.run(SuiteRunnerWorker.java:96)
at org.testng.TestNG.runSuitesSequentially(TestNG.java:1218)
at org.testng.TestNG.runSuitesLocally(TestNG.java:1140)
at org.testng.TestNG.runSuites(TestNG.java:1069)
at org.testng.TestNG.run(TestNG.java:1037)
at org.testng.remote.AbstractRemoteTestNG.run(AbstractRemoteTestNG.java:115)
at org.testng.remote.RemoteTestNG.initAndRun(RemoteTestNG.java:251)
at org.testng.remote.RemoteTestNG.main(RemoteTestNG.java:77)
]]>
            </full-stacktrace>
          </exception> <!-- org.openqa.selenium.SessionNotCreatedException -->
          <reporter-output>
          </reporter-output>
        </test-method> <!-- upcomingBikes -->
        <test-method signature="selectBrand()[pri:3, instance:IdentifyBikesandCars.IdentifyBikesTest@710b18a6]" started-at="2020-11-06T17:36:18 IST" name="selectBrand" finished-at="2020-11-06T17:36:18 IST" duration-ms="0" status="SKIP">
          <exception class="org.openqa.selenium.SessionNotCreatedException">
            <message>
              <![CDATA[session not created: This version of ChromeDriver only supports Chrome version 79
Build info: version: '3.141.59', revision: 'e82be7d358', time: '2018-11-14T08:17:03'
System info: host: 'DESKTOP-VJLDRGC', ip: '192.168.0.102', os.name: 'Windows 10', os.arch: 'amd64', os.version: '10.0', java.version: '14.0.2'
Driver info: driver.version: ChromeDriver
remote stacktrace: Backtrace:
Ordinal0 [0x00CE9F93+1548179]
Ordinal0 [0x00C6DC51+1039441]
Ordinal0 [0x00BEE495+517269]
Ordinal0 [0x00B7FD34+64820]
Ordinal0 [0x00B7C61E+50718]
Ordinal0 [0x00B9B797+178071]
Ordinal0 [0x00B9B59D+177565]
Ordinal0 [0x00B995FB+169467]
Ordinal0 [0x00B8160A+71178]
Ordinal0 [0x00B82690+75408]
Ordinal0 [0x00B82629+75305]
Ordinal0 [0x00C87047+1142855]
GetHandleVerifier [0x00D82996+507766]
GetHandleVerifier [0x00D826B4+507028]
GetHandleVerifier [0x00D89D97+537463]
GetHandleVerifier [0x00D83252+510002]
Ordinal0 [0x00C7F12C+1110316]
Ordinal0 [0x00C8921B+1151515]
Ordinal0 [0x00C89383+1151875]
Ordinal0 [0x00C88285+1147525]
BaseThreadInitThunk [0x76AB6359+25]
RtlGetAppContainerNamedObjectPath [0x773B7B74+228]
RtlGetAppContainerNamedObjectPath [0x773B7B44+180]
]]>
            </message>
            <full-stacktrace>
              <![CDATA[org.openqa.selenium.SessionNotCreatedException: session not created: This version of ChromeDriver only supports Chrome version 79
Build info: version: '3.141.59', revision: 'e82be7d358', time: '2018-11-14T08:17:03'
System info: host: 'DESKTOP-VJLDRGC', ip: '192.168.0.102', os.name: 'Windows 10', os.arch: 'amd64', os.version: '10.0', java.version: '14.0.2'
Driver info: driver.version: ChromeDriver
remote stacktrace: Backtrace:
Ordinal0 [0x00CE9F93+1548179]
Ordinal0 [0x00C6DC51+1039441]
Ordinal0 [0x00BEE495+517269]
Ordinal0 [0x00B7FD34+64820]
Ordinal0 [0x00B7C61E+50718]
Ordinal0 [0x00B9B797+178071]
Ordinal0 [0x00B9B59D+177565]
Ordinal0 [0x00B995FB+169467]
Ordinal0 [0x00B8160A+71178]
Ordinal0 [0x00B82690+75408]
Ordinal0 [0x00B82629+75305]
Ordinal0 [0x00C87047+1142855]
GetHandleVerifier [0x00D82996+507766]
GetHandleVerifier [0x00D826B4+507028]
GetHandleVerifier [0x00D89D97+537463]
GetHandleVerifier [0x00D83252+510002]
Ordinal0 [0x00C7F12C+1110316]
Ordinal0 [0x00C8921B+1151515]
Ordinal0 [0x00C89383+1151875]
Ordinal0 [0x00C88285+1147525]
BaseThreadInitThunk [0x76AB6359+25]
RtlGetAppContainerNamedObjectPath [0x773B7B74+228]
RtlGetAppContainerNamedObjectPath [0x773B7B44+180]

at java.base/jdk.internal.reflect.NativeConstructorAccessorImpl.newInstance0(Native Method)
at java.base/jdk.internal.reflect.NativeConstructorAccessorImpl.newInstance(Unknown Source)
at java.base/jdk.internal.reflect.DelegatingConstructorAccessorImpl.newInstance(Unknown Source)
at java.base/java.lang.reflect.Constructor.newInstanceWithCaller(Unknown Source)
at java.base/java.lang.reflect.Constructor.newInstance(Unknown Source)
at org.openqa.selenium.remote.W3CHandshakeResponse.lambda$errorHandler$0(W3CHandshakeResponse.java:62)
at org.openqa.selenium.remote.HandshakeResponse.lambda$getResponseFunction$0(HandshakeResponse.java:30)
at org.openqa.selenium.remote.ProtocolHandshake.lambda$createSession$0(ProtocolHandshake.java:126)
at java.base/java.util.stream.ReferencePipeline$3$1.accept(Unknown Source)
at java.base/java.util.Spliterators$ArraySpliterator.tryAdvance(Unknown Source)
at java.base/java.util.stream.ReferencePipeline.forEachWithCancel(Unknown Source)
at java.base/java.util.stream.AbstractPipeline.copyIntoWithCancel(Unknown Source)
at java.base/java.util.stream.AbstractPipeline.copyInto(Unknown Source)
at java.base/java.util.stream.AbstractPipeline.wrapAndCopyInto(Unknown Source)
at java.base/java.util.stream.FindOps$FindOp.evaluateSequential(Unknown Source)
at java.base/java.util.stream.AbstractPipeline.evaluate(Unknown Source)
at java.base/java.util.stream.ReferencePipeline.findFirst(Unknown Source)
at org.openqa.selenium.remote.ProtocolHandshake.createSession(ProtocolHandshake.java:128)
at org.openqa.selenium.remote.ProtocolHandshake.createSession(ProtocolHandshake.java:74)
at org.openqa.selenium.remote.HttpCommandExecutor.execute(HttpCommandExecutor.java:136)
at org.openqa.selenium.remote.service.DriverCommandExecutor.execute(DriverCommandExecutor.java:83)
at org.openqa.selenium.remote.RemoteWebDriver.execute(RemoteWebDriver.java:552)
at org.openqa.selenium.remote.RemoteWebDriver.startSession(RemoteWebDriver.java:213)
at org.openqa.selenium.remote.RemoteWebDriver.<init>(RemoteWebDriver.java:131)
at org.openqa.selenium.chrome.ChromeDriver.<init>(ChromeDriver.java:181)
at org.openqa.selenium.chrome.ChromeDriver.<init>(ChromeDriver.java:168)
at org.openqa.selenium.chrome.ChromeDriver.<init>(ChromeDriver.java:157)
at resources.base.initializeDriver(base.java:38)
at IdentifyBikesandCars.IdentifyBikesTest.initialize(IdentifyBikesTest.java:44)
at java.base/jdk.internal.reflect.NativeMethodAccessorImpl.invoke0(Native Method)
at java.base/jdk.internal.reflect.NativeMethodAccessorImpl.invoke(Unknown Source)
at java.base/jdk.internal.reflect.DelegatingMethodAccessorImpl.invoke(Unknown Source)
at java.base/java.lang.reflect.Method.invoke(Unknown Source)
at org.testng.internal.MethodInvocationHelper.invokeMethod(MethodInvocationHelper.java:132)
at org.testng.internal.MethodInvocationHelper.invokeMethodConsideringTimeout(MethodInvocationHelper.java:61)
at org.testng.internal.ConfigInvoker.invokeConfigurationMethod(ConfigInvoker.java:366)
at org.testng.internal.ConfigInvoker.invokeConfigurations(ConfigInvoker.java:320)
at org.testng.TestRunner.invokeTestConfigurations(TestRunner.java:617)
at org.testng.TestRunner.beforeRun(TestRunner.java:607)
at org.testng.TestRunner.run(TestRunner.java:578)
at org.testng.SuiteRunner.runTest(SuiteRunner.java:384)
at org.testng.SuiteRunner.runSequentially(SuiteRunner.java:378)
at org.testng.SuiteRunner.privateRun(SuiteRunner.java:337)
at org.testng.SuiteRunner.run(SuiteRunner.java:286)
at org.testng.SuiteRunnerWorker.runSuite(SuiteRunnerWorker.java:53)
at org.testng.SuiteRunnerWorker.run(SuiteRunnerWorker.java:96)
at org.testng.TestNG.runSuitesSequentially(TestNG.java:1218)
at org.testng.TestNG.runSuitesLocally(TestNG.java:1140)
at org.testng.TestNG.runSuites(TestNG.java:1069)
at org.testng.TestNG.run(TestNG.java:1037)
at org.testng.remote.AbstractRemoteTestNG.run(AbstractRemoteTestNG.java:115)
at org.testng.remote.RemoteTestNG.initAndRun(RemoteTestNG.java:251)
at org.testng.remote.RemoteTestNG.main(RemoteTestNG.java:77)
]]>
            </full-stacktrace>
          </exception> <!-- org.openqa.selenium.SessionNotCreatedException -->
          <reporter-output>
          </reporter-output>
        </test-method> <!-- selectBrand -->
        <test-method signature="getUpcomingBikes()[pri:4, instance:IdentifyBikesandCars.IdentifyBikesTest@710b18a6]" started-at="2020-11-06T17:36:18 IST" name="getUpcomingBikes" finished-at="2020-11-06T17:36:18 IST" duration-ms="0" status="SKIP">
          <exception class="org.openqa.selenium.SessionNotCreatedException">
            <message>
              <![CDATA[session not created: This version of ChromeDriver only supports Chrome version 79
Build info: version: '3.141.59', revision: 'e82be7d358', time: '2018-11-14T08:17:03'
System info: host: 'DESKTOP-VJLDRGC', ip: '192.168.0.102', os.name: 'Windows 10', os.arch: 'amd64', os.version: '10.0', java.version: '14.0.2'
Driver info: driver.version: ChromeDriver
remote stacktrace: Backtrace:
Ordinal0 [0x00CE9F93+1548179]
Ordinal0 [0x00C6DC51+1039441]
Ordinal0 [0x00BEE495+517269]
Ordinal0 [0x00B7FD34+64820]
Ordinal0 [0x00B7C61E+50718]
Ordinal0 [0x00B9B797+178071]
Ordinal0 [0x00B9B59D+177565]
Ordinal0 [0x00B995FB+169467]
Ordinal0 [0x00B8160A+71178]
Ordinal0 [0x00B82690+75408]
Ordinal0 [0x00B82629+75305]
Ordinal0 [0x00C87047+1142855]
GetHandleVerifier [0x00D82996+507766]
GetHandleVerifier [0x00D826B4+507028]
GetHandleVerifier [0x00D89D97+537463]
GetHandleVerifier [0x00D83252+510002]
Ordinal0 [0x00C7F12C+1110316]
Ordinal0 [0x00C8921B+1151515]
Ordinal0 [0x00C89383+1151875]
Ordinal0 [0x00C88285+1147525]
BaseThreadInitThunk [0x76AB6359+25]
RtlGetAppContainerNamedObjectPath [0x773B7B74+228]
RtlGetAppContainerNamedObjectPath [0x773B7B44+180]
]]>
            </message>
            <full-stacktrace>
              <![CDATA[org.openqa.selenium.SessionNotCreatedException: session not created: This version of ChromeDriver only supports Chrome version 79
Build info: version: '3.141.59', revision: 'e82be7d358', time: '2018-11-14T08:17:03'
System info: host: 'DESKTOP-VJLDRGC', ip: '192.168.0.102', os.name: 'Windows 10', os.arch: 'amd64', os.version: '10.0', java.version: '14.0.2'
Driver info: driver.version: ChromeDriver
remote stacktrace: Backtrace:
Ordinal0 [0x00CE9F93+1548179]
Ordinal0 [0x00C6DC51+1039441]
Ordinal0 [0x00BEE495+517269]
Ordinal0 [0x00B7FD34+64820]
Ordinal0 [0x00B7C61E+50718]
Ordinal0 [0x00B9B797+178071]
Ordinal0 [0x00B9B59D+177565]
Ordinal0 [0x00B995FB+169467]
Ordinal0 [0x00B8160A+71178]
Ordinal0 [0x00B82690+75408]
Ordinal0 [0x00B82629+75305]
Ordinal0 [0x00C87047+1142855]
GetHandleVerifier [0x00D82996+507766]
GetHandleVerifier [0x00D826B4+507028]
GetHandleVerifier [0x00D89D97+537463]
GetHandleVerifier [0x00D83252+510002]
Ordinal0 [0x00C7F12C+1110316]
Ordinal0 [0x00C8921B+1151515]
Ordinal0 [0x00C89383+1151875]
Ordinal0 [0x00C88285+1147525]
BaseThreadInitThunk [0x76AB6359+25]
RtlGetAppContainerNamedObjectPath [0x773B7B74+228]
RtlGetAppContainerNamedObjectPath [0x773B7B44+180]

at java.base/jdk.internal.reflect.NativeConstructorAccessorImpl.newInstance0(Native Method)
at java.base/jdk.internal.reflect.NativeConstructorAccessorImpl.newInstance(Unknown Source)
at java.base/jdk.internal.reflect.DelegatingConstructorAccessorImpl.newInstance(Unknown Source)
at java.base/java.lang.reflect.Constructor.newInstanceWithCaller(Unknown Source)
at java.base/java.lang.reflect.Constructor.newInstance(Unknown Source)
at org.openqa.selenium.remote.W3CHandshakeResponse.lambda$errorHandler$0(W3CHandshakeResponse.java:62)
at org.openqa.selenium.remote.HandshakeResponse.lambda$getResponseFunction$0(HandshakeResponse.java:30)
at org.openqa.selenium.remote.ProtocolHandshake.lambda$createSession$0(ProtocolHandshake.java:126)
at java.base/java.util.stream.ReferencePipeline$3$1.accept(Unknown Source)
at java.base/java.util.Spliterators$ArraySpliterator.tryAdvance(Unknown Source)
at java.base/java.util.stream.ReferencePipeline.forEachWithCancel(Unknown Source)
at java.base/java.util.stream.AbstractPipeline.copyIntoWithCancel(Unknown Source)
at java.base/java.util.stream.AbstractPipeline.copyInto(Unknown Source)
at java.base/java.util.stream.AbstractPipeline.wrapAndCopyInto(Unknown Source)
at java.base/java.util.stream.FindOps$FindOp.evaluateSequential(Unknown Source)
at java.base/java.util.stream.AbstractPipeline.evaluate(Unknown Source)
at java.base/java.util.stream.ReferencePipeline.findFirst(Unknown Source)
at org.openqa.selenium.remote.ProtocolHandshake.createSession(ProtocolHandshake.java:128)
at org.openqa.selenium.remote.ProtocolHandshake.createSession(ProtocolHandshake.java:74)
at org.openqa.selenium.remote.HttpCommandExecutor.execute(HttpCommandExecutor.java:136)
at org.openqa.selenium.remote.service.DriverCommandExecutor.execute(DriverCommandExecutor.java:83)
at org.openqa.selenium.remote.RemoteWebDriver.execute(RemoteWebDriver.java:552)
at org.openqa.selenium.remote.RemoteWebDriver.startSession(RemoteWebDriver.java:213)
at org.openqa.selenium.remote.RemoteWebDriver.<init>(RemoteWebDriver.java:131)
at org.openqa.selenium.chrome.ChromeDriver.<init>(ChromeDriver.java:181)
at org.openqa.selenium.chrome.ChromeDriver.<init>(ChromeDriver.java:168)
at org.openqa.selenium.chrome.ChromeDriver.<init>(ChromeDriver.java:157)
at resources.base.initializeDriver(base.java:38)
at IdentifyBikesandCars.IdentifyBikesTest.initialize(IdentifyBikesTest.java:44)
at java.base/jdk.internal.reflect.NativeMethodAccessorImpl.invoke0(Native Method)
at java.base/jdk.internal.reflect.NativeMethodAccessorImpl.invoke(Unknown Source)
at java.base/jdk.internal.reflect.DelegatingMethodAccessorImpl.invoke(Unknown Source)
at java.base/java.lang.reflect.Method.invoke(Unknown Source)
at org.testng.internal.MethodInvocationHelper.invokeMethod(MethodInvocationHelper.java:132)
at org.testng.internal.MethodInvocationHelper.invokeMethodConsideringTimeout(MethodInvocationHelper.java:61)
at org.testng.internal.ConfigInvoker.invokeConfigurationMethod(ConfigInvoker.java:366)
at org.testng.internal.ConfigInvoker.invokeConfigurations(ConfigInvoker.java:320)
at org.testng.TestRunner.invokeTestConfigurations(TestRunner.java:617)
at org.testng.TestRunner.beforeRun(TestRunner.java:607)
at org.testng.TestRunner.run(TestRunner.java:578)
at org.testng.SuiteRunner.runTest(SuiteRunner.java:384)
at org.testng.SuiteRunner.runSequentially(SuiteRunner.java:378)
at org.testng.SuiteRunner.privateRun(SuiteRunner.java:337)
at org.testng.SuiteRunner.run(SuiteRunner.java:286)
at org.testng.SuiteRunnerWorker.runSuite(SuiteRunnerWorker.java:53)
at org.testng.SuiteRunnerWorker.run(SuiteRunnerWorker.java:96)
at org.testng.TestNG.runSuitesSequentially(TestNG.java:1218)
at org.testng.TestNG.runSuitesLocally(TestNG.java:1140)
at org.testng.TestNG.runSuites(TestNG.java:1069)
at org.testng.TestNG.run(TestNG.java:1037)
at org.testng.remote.AbstractRemoteTestNG.run(AbstractRemoteTestNG.java:115)
at org.testng.remote.RemoteTestNG.initAndRun(RemoteTestNG.java:251)
at org.testng.remote.RemoteTestNG.main(RemoteTestNG.java:77)
]]>
            </full-stacktrace>
          </exception> <!-- org.openqa.selenium.SessionNotCreatedException -->
          <reporter-output>
          </reporter-output>
        </test-method> <!-- getUpcomingBikes -->
        <test-method signature="usedCars()[pri:5, instance:IdentifyBikesandCars.IdentifyBikesTest@710b18a6]" started-at="2020-11-06T17:36:18 IST" name="usedCars" finished-at="2020-11-06T17:36:18 IST" duration-ms="0" status="SKIP">
          <exception class="org.openqa.selenium.SessionNotCreatedException">
            <message>
              <![CDATA[session not created: This version of ChromeDriver only supports Chrome version 79
Build info: version: '3.141.59', revision: 'e82be7d358', time: '2018-11-14T08:17:03'
System info: host: 'DESKTOP-VJLDRGC', ip: '192.168.0.102', os.name: 'Windows 10', os.arch: 'amd64', os.version: '10.0', java.version: '14.0.2'
Driver info: driver.version: ChromeDriver
remote stacktrace: Backtrace:
Ordinal0 [0x00CE9F93+1548179]
Ordinal0 [0x00C6DC51+1039441]
Ordinal0 [0x00BEE495+517269]
Ordinal0 [0x00B7FD34+64820]
Ordinal0 [0x00B7C61E+50718]
Ordinal0 [0x00B9B797+178071]
Ordinal0 [0x00B9B59D+177565]
Ordinal0 [0x00B995FB+169467]
Ordinal0 [0x00B8160A+71178]
Ordinal0 [0x00B82690+75408]
Ordinal0 [0x00B82629+75305]
Ordinal0 [0x00C87047+1142855]
GetHandleVerifier [0x00D82996+507766]
GetHandleVerifier [0x00D826B4+507028]
GetHandleVerifier [0x00D89D97+537463]
GetHandleVerifier [0x00D83252+510002]
Ordinal0 [0x00C7F12C+1110316]
Ordinal0 [0x00C8921B+1151515]
Ordinal0 [0x00C89383+1151875]
Ordinal0 [0x00C88285+1147525]
BaseThreadInitThunk [0x76AB6359+25]
RtlGetAppContainerNamedObjectPath [0x773B7B74+228]
RtlGetAppContainerNamedObjectPath [0x773B7B44+180]
]]>
            </message>
            <full-stacktrace>
              <![CDATA[org.openqa.selenium.SessionNotCreatedException: session not created: This version of ChromeDriver only supports Chrome version 79
Build info: version: '3.141.59', revision: 'e82be7d358', time: '2018-11-14T08:17:03'
System info: host: 'DESKTOP-VJLDRGC', ip: '192.168.0.102', os.name: 'Windows 10', os.arch: 'amd64', os.version: '10.0', java.version: '14.0.2'
Driver info: driver.version: ChromeDriver
remote stacktrace: Backtrace:
Ordinal0 [0x00CE9F93+1548179]
Ordinal0 [0x00C6DC51+1039441]
Ordinal0 [0x00BEE495+517269]
Ordinal0 [0x00B7FD34+64820]
Ordinal0 [0x00B7C61E+50718]
Ordinal0 [0x00B9B797+178071]
Ordinal0 [0x00B9B59D+177565]
Ordinal0 [0x00B995FB+169467]
Ordinal0 [0x00B8160A+71178]
Ordinal0 [0x00B82690+75408]
Ordinal0 [0x00B82629+75305]
Ordinal0 [0x00C87047+1142855]
GetHandleVerifier [0x00D82996+507766]
GetHandleVerifier [0x00D826B4+507028]
GetHandleVerifier [0x00D89D97+537463]
GetHandleVerifier [0x00D83252+510002]
Ordinal0 [0x00C7F12C+1110316]
Ordinal0 [0x00C8921B+1151515]
Ordinal0 [0x00C89383+1151875]
Ordinal0 [0x00C88285+1147525]
BaseThreadInitThunk [0x76AB6359+25]
RtlGetAppContainerNamedObjectPath [0x773B7B74+228]
RtlGetAppContainerNamedObjectPath [0x773B7B44+180]

at java.base/jdk.internal.reflect.NativeConstructorAccessorImpl.newInstance0(Native Method)
at java.base/jdk.internal.reflect.NativeConstructorAccessorImpl.newInstance(Unknown Source)
at java.base/jdk.internal.reflect.DelegatingConstructorAccessorImpl.newInstance(Unknown Source)
at java.base/java.lang.reflect.Constructor.newInstanceWithCaller(Unknown Source)
at java.base/java.lang.reflect.Constructor.newInstance(Unknown Source)
at org.openqa.selenium.remote.W3CHandshakeResponse.lambda$errorHandler$0(W3CHandshakeResponse.java:62)
at org.openqa.selenium.remote.HandshakeResponse.lambda$getResponseFunction$0(HandshakeResponse.java:30)
at org.openqa.selenium.remote.ProtocolHandshake.lambda$createSession$0(ProtocolHandshake.java:126)
at java.base/java.util.stream.ReferencePipeline$3$1.accept(Unknown Source)
at java.base/java.util.Spliterators$ArraySpliterator.tryAdvance(Unknown Source)
at java.base/java.util.stream.ReferencePipeline.forEachWithCancel(Unknown Source)
at java.base/java.util.stream.AbstractPipeline.copyIntoWithCancel(Unknown Source)
at java.base/java.util.stream.AbstractPipeline.copyInto(Unknown Source)
at java.base/java.util.stream.AbstractPipeline.wrapAndCopyInto(Unknown Source)
at java.base/java.util.stream.FindOps$FindOp.evaluateSequential(Unknown Source)
at java.base/java.util.stream.AbstractPipeline.evaluate(Unknown Source)
at java.base/java.util.stream.ReferencePipeline.findFirst(Unknown Source)
at org.openqa.selenium.remote.ProtocolHandshake.createSession(ProtocolHandshake.java:128)
at org.openqa.selenium.remote.ProtocolHandshake.createSession(ProtocolHandshake.java:74)
at org.openqa.selenium.remote.HttpCommandExecutor.execute(HttpCommandExecutor.java:136)
at org.openqa.selenium.remote.service.DriverCommandExecutor.execute(DriverCommandExecutor.java:83)
at org.openqa.selenium.remote.RemoteWebDriver.execute(RemoteWebDriver.java:552)
at org.openqa.selenium.remote.RemoteWebDriver.startSession(RemoteWebDriver.java:213)
at org.openqa.selenium.remote.RemoteWebDriver.<init>(RemoteWebDriver.java:131)
at org.openqa.selenium.chrome.ChromeDriver.<init>(ChromeDriver.java:181)
at org.openqa.selenium.chrome.ChromeDriver.<init>(ChromeDriver.java:168)
at org.openqa.selenium.chrome.ChromeDriver.<init>(ChromeDriver.java:157)
at resources.base.initializeDriver(base.java:38)
at IdentifyBikesandCars.IdentifyBikesTest.initialize(IdentifyBikesTest.java:44)
at java.base/jdk.internal.reflect.NativeMethodAccessorImpl.invoke0(Native Method)
at java.base/jdk.internal.reflect.NativeMethodAccessorImpl.invoke(Unknown Source)
at java.base/jdk.internal.reflect.DelegatingMethodAccessorImpl.invoke(Unknown Source)
at java.base/java.lang.reflect.Method.invoke(Unknown Source)
at org.testng.internal.MethodInvocationHelper.invokeMethod(MethodInvocationHelper.java:132)
at org.testng.internal.MethodInvocationHelper.invokeMethodConsideringTimeout(MethodInvocationHelper.java:61)
at org.testng.internal.ConfigInvoker.invokeConfigurationMethod(ConfigInvoker.java:366)
at org.testng.internal.ConfigInvoker.invokeConfigurations(ConfigInvoker.java:320)
at org.testng.TestRunner.invokeTestConfigurations(TestRunner.java:617)
at org.testng.TestRunner.beforeRun(TestRunner.java:607)
at org.testng.TestRunner.run(TestRunner.java:578)
at org.testng.SuiteRunner.runTest(SuiteRunner.java:384)
at org.testng.SuiteRunner.runSequentially(SuiteRunner.java:378)
at org.testng.SuiteRunner.privateRun(SuiteRunner.java:337)
at org.testng.SuiteRunner.run(SuiteRunner.java:286)
at org.testng.SuiteRunnerWorker.runSuite(SuiteRunnerWorker.java:53)
at org.testng.SuiteRunnerWorker.run(SuiteRunnerWorker.java:96)
at org.testng.TestNG.runSuitesSequentially(TestNG.java:1218)
at org.testng.TestNG.runSuitesLocally(TestNG.java:1140)
at org.testng.TestNG.runSuites(TestNG.java:1069)
at org.testng.TestNG.run(TestNG.java:1037)
at org.testng.remote.AbstractRemoteTestNG.run(AbstractRemoteTestNG.java:115)
at org.testng.remote.RemoteTestNG.initAndRun(RemoteTestNG.java:251)
at org.testng.remote.RemoteTestNG.main(RemoteTestNG.java:77)
]]>
            </full-stacktrace>
          </exception> <!-- org.openqa.selenium.SessionNotCreatedException -->
          <reporter-output>
          </reporter-output>
        </test-method> <!-- usedCars -->
        <test-method signature="getLocation()[pri:6, instance:IdentifyBikesandCars.IdentifyBikesTest@710b18a6]" started-at="2020-11-06T17:36:18 IST" name="getLocation" finished-at="2020-11-06T17:36:18 IST" duration-ms="0" status="SKIP">
          <exception class="org.openqa.selenium.SessionNotCreatedException">
            <message>
              <![CDATA[session not created: This version of ChromeDriver only supports Chrome version 79
Build info: version: '3.141.59', revision: 'e82be7d358', time: '2018-11-14T08:17:03'
System info: host: 'DESKTOP-VJLDRGC', ip: '192.168.0.102', os.name: 'Windows 10', os.arch: 'amd64', os.version: '10.0', java.version: '14.0.2'
Driver info: driver.version: ChromeDriver
remote stacktrace: Backtrace:
Ordinal0 [0x00CE9F93+1548179]
Ordinal0 [0x00C6DC51+1039441]
Ordinal0 [0x00BEE495+517269]
Ordinal0 [0x00B7FD34+64820]
Ordinal0 [0x00B7C61E+50718]
Ordinal0 [0x00B9B797+178071]
Ordinal0 [0x00B9B59D+177565]
Ordinal0 [0x00B995FB+169467]
Ordinal0 [0x00B8160A+71178]
Ordinal0 [0x00B82690+75408]
Ordinal0 [0x00B82629+75305]
Ordinal0 [0x00C87047+1142855]
GetHandleVerifier [0x00D82996+507766]
GetHandleVerifier [0x00D826B4+507028]
GetHandleVerifier [0x00D89D97+537463]
GetHandleVerifier [0x00D83252+510002]
Ordinal0 [0x00C7F12C+1110316]
Ordinal0 [0x00C8921B+1151515]
Ordinal0 [0x00C89383+1151875]
Ordinal0 [0x00C88285+1147525]
BaseThreadInitThunk [0x76AB6359+25]
RtlGetAppContainerNamedObjectPath [0x773B7B74+228]
RtlGetAppContainerNamedObjectPath [0x773B7B44+180]
]]>
            </message>
            <full-stacktrace>
              <![CDATA[org.openqa.selenium.SessionNotCreatedException: session not created: This version of ChromeDriver only supports Chrome version 79
Build info: version: '3.141.59', revision: 'e82be7d358', time: '2018-11-14T08:17:03'
System info: host: 'DESKTOP-VJLDRGC', ip: '192.168.0.102', os.name: 'Windows 10', os.arch: 'amd64', os.version: '10.0', java.version: '14.0.2'
Driver info: driver.version: ChromeDriver
remote stacktrace: Backtrace:
Ordinal0 [0x00CE9F93+1548179]
Ordinal0 [0x00C6DC51+1039441]
Ordinal0 [0x00BEE495+517269]
Ordinal0 [0x00B7FD34+64820]
Ordinal0 [0x00B7C61E+50718]
Ordinal0 [0x00B9B797+178071]
Ordinal0 [0x00B9B59D+177565]
Ordinal0 [0x00B995FB+169467]
Ordinal0 [0x00B8160A+71178]
Ordinal0 [0x00B82690+75408]
Ordinal0 [0x00B82629+75305]
Ordinal0 [0x00C87047+1142855]
GetHandleVerifier [0x00D82996+507766]
GetHandleVerifier [0x00D826B4+507028]
GetHandleVerifier [0x00D89D97+537463]
GetHandleVerifier [0x00D83252+510002]
Ordinal0 [0x00C7F12C+1110316]
Ordinal0 [0x00C8921B+1151515]
Ordinal0 [0x00C89383+1151875]
Ordinal0 [0x00C88285+1147525]
BaseThreadInitThunk [0x76AB6359+25]
RtlGetAppContainerNamedObjectPath [0x773B7B74+228]
RtlGetAppContainerNamedObjectPath [0x773B7B44+180]

at java.base/jdk.internal.reflect.NativeConstructorAccessorImpl.newInstance0(Native Method)
at java.base/jdk.internal.reflect.NativeConstructorAccessorImpl.newInstance(Unknown Source)
at java.base/jdk.internal.reflect.DelegatingConstructorAccessorImpl.newInstance(Unknown Source)
at java.base/java.lang.reflect.Constructor.newInstanceWithCaller(Unknown Source)
at java.base/java.lang.reflect.Constructor.newInstance(Unknown Source)
at org.openqa.selenium.remote.W3CHandshakeResponse.lambda$errorHandler$0(W3CHandshakeResponse.java:62)
at org.openqa.selenium.remote.HandshakeResponse.lambda$getResponseFunction$0(HandshakeResponse.java:30)
at org.openqa.selenium.remote.ProtocolHandshake.lambda$createSession$0(ProtocolHandshake.java:126)
at java.base/java.util.stream.ReferencePipeline$3$1.accept(Unknown Source)
at java.base/java.util.Spliterators$ArraySpliterator.tryAdvance(Unknown Source)
at java.base/java.util.stream.ReferencePipeline.forEachWithCancel(Unknown Source)
at java.base/java.util.stream.AbstractPipeline.copyIntoWithCancel(Unknown Source)
at java.base/java.util.stream.AbstractPipeline.copyInto(Unknown Source)
at java.base/java.util.stream.AbstractPipeline.wrapAndCopyInto(Unknown Source)
at java.base/java.util.stream.FindOps$FindOp.evaluateSequential(Unknown Source)
at java.base/java.util.stream.AbstractPipeline.evaluate(Unknown Source)
at java.base/java.util.stream.ReferencePipeline.findFirst(Unknown Source)
at org.openqa.selenium.remote.ProtocolHandshake.createSession(ProtocolHandshake.java:128)
at org.openqa.selenium.remote.ProtocolHandshake.createSession(ProtocolHandshake.java:74)
at org.openqa.selenium.remote.HttpCommandExecutor.execute(HttpCommandExecutor.java:136)
at org.openqa.selenium.remote.service.DriverCommandExecutor.execute(DriverCommandExecutor.java:83)
at org.openqa.selenium.remote.RemoteWebDriver.execute(RemoteWebDriver.java:552)
at org.openqa.selenium.remote.RemoteWebDriver.startSession(RemoteWebDriver.java:213)
at org.openqa.selenium.remote.RemoteWebDriver.<init>(RemoteWebDriver.java:131)
at org.openqa.selenium.chrome.ChromeDriver.<init>(ChromeDriver.java:181)
at org.openqa.selenium.chrome.ChromeDriver.<init>(ChromeDriver.java:168)
at org.openqa.selenium.chrome.ChromeDriver.<init>(ChromeDriver.java:157)
at resources.base.initializeDriver(base.java:38)
at IdentifyBikesandCars.IdentifyBikesTest.initialize(IdentifyBikesTest.java:44)
at java.base/jdk.internal.reflect.NativeMethodAccessorImpl.invoke0(Native Method)
at java.base/jdk.internal.reflect.NativeMethodAccessorImpl.invoke(Unknown Source)
at java.base/jdk.internal.reflect.DelegatingMethodAccessorImpl.invoke(Unknown Source)
at java.base/java.lang.reflect.Method.invoke(Unknown Source)
at org.testng.internal.MethodInvocationHelper.invokeMethod(MethodInvocationHelper.java:132)
at org.testng.internal.MethodInvocationHelper.invokeMethodConsideringTimeout(MethodInvocationHelper.java:61)
at org.testng.internal.ConfigInvoker.invokeConfigurationMethod(ConfigInvoker.java:366)
at org.testng.internal.ConfigInvoker.invokeConfigurations(ConfigInvoker.java:320)
at org.testng.TestRunner.invokeTestConfigurations(TestRunner.java:617)
at org.testng.TestRunner.beforeRun(TestRunner.java:607)
at org.testng.TestRunner.run(TestRunner.java:578)
at org.testng.SuiteRunner.runTest(SuiteRunner.java:384)
at org.testng.SuiteRunner.runSequentially(SuiteRunner.java:378)
at org.testng.SuiteRunner.privateRun(SuiteRunner.java:337)
at org.testng.SuiteRunner.run(SuiteRunner.java:286)
at org.testng.SuiteRunnerWorker.runSuite(SuiteRunnerWorker.java:53)
at org.testng.SuiteRunnerWorker.run(SuiteRunnerWorker.java:96)
at org.testng.TestNG.runSuitesSequentially(TestNG.java:1218)
at org.testng.TestNG.runSuitesLocally(TestNG.java:1140)
at org.testng.TestNG.runSuites(TestNG.java:1069)
at org.testng.TestNG.run(TestNG.java:1037)
at org.testng.remote.AbstractRemoteTestNG.run(AbstractRemoteTestNG.java:115)
at org.testng.remote.RemoteTestNG.initAndRun(RemoteTestNG.java:251)
at org.testng.remote.RemoteTestNG.main(RemoteTestNG.java:77)
]]>
            </full-stacktrace>
          </exception> <!-- org.openqa.selenium.SessionNotCreatedException -->
          <reporter-output>
          </reporter-output>
        </test-method> <!-- getLocation -->
        <test-method signature="getCarDetails()[pri:7, instance:IdentifyBikesandCars.IdentifyBikesTest@710b18a6]" started-at="2020-11-06T17:36:18 IST" name="getCarDetails" finished-at="2020-11-06T17:36:18 IST" duration-ms="0" status="SKIP">
          <exception class="org.openqa.selenium.SessionNotCreatedException">
            <message>
              <![CDATA[session not created: This version of ChromeDriver only supports Chrome version 79
Build info: version: '3.141.59', revision: 'e82be7d358', time: '2018-11-14T08:17:03'
System info: host: 'DESKTOP-VJLDRGC', ip: '192.168.0.102', os.name: 'Windows 10', os.arch: 'amd64', os.version: '10.0', java.version: '14.0.2'
Driver info: driver.version: ChromeDriver
remote stacktrace: Backtrace:
Ordinal0 [0x00CE9F93+1548179]
Ordinal0 [0x00C6DC51+1039441]
Ordinal0 [0x00BEE495+517269]
Ordinal0 [0x00B7FD34+64820]
Ordinal0 [0x00B7C61E+50718]
Ordinal0 [0x00B9B797+178071]
Ordinal0 [0x00B9B59D+177565]
Ordinal0 [0x00B995FB+169467]
Ordinal0 [0x00B8160A+71178]
Ordinal0 [0x00B82690+75408]
Ordinal0 [0x00B82629+75305]
Ordinal0 [0x00C87047+1142855]
GetHandleVerifier [0x00D82996+507766]
GetHandleVerifier [0x00D826B4+507028]
GetHandleVerifier [0x00D89D97+537463]
GetHandleVerifier [0x00D83252+510002]
Ordinal0 [0x00C7F12C+1110316]
Ordinal0 [0x00C8921B+1151515]
Ordinal0 [0x00C89383+1151875]
Ordinal0 [0x00C88285+1147525]
BaseThreadInitThunk [0x76AB6359+25]
RtlGetAppContainerNamedObjectPath [0x773B7B74+228]
RtlGetAppContainerNamedObjectPath [0x773B7B44+180]
]]>
            </message>
            <full-stacktrace>
              <![CDATA[org.openqa.selenium.SessionNotCreatedException: session not created: This version of ChromeDriver only supports Chrome version 79
Build info: version: '3.141.59', revision: 'e82be7d358', time: '2018-11-14T08:17:03'
System info: host: 'DESKTOP-VJLDRGC', ip: '192.168.0.102', os.name: 'Windows 10', os.arch: 'amd64', os.version: '10.0', java.version: '14.0.2'
Driver info: driver.version: ChromeDriver
remote stacktrace: Backtrace:
Ordinal0 [0x00CE9F93+1548179]
Ordinal0 [0x00C6DC51+1039441]
Ordinal0 [0x00BEE495+517269]
Ordinal0 [0x00B7FD34+64820]
Ordinal0 [0x00B7C61E+50718]
Ordinal0 [0x00B9B797+178071]
Ordinal0 [0x00B9B59D+177565]
Ordinal0 [0x00B995FB+169467]
Ordinal0 [0x00B8160A+71178]
Ordinal0 [0x00B82690+75408]
Ordinal0 [0x00B82629+75305]
Ordinal0 [0x00C87047+1142855]
GetHandleVerifier [0x00D82996+507766]
GetHandleVerifier [0x00D826B4+507028]
GetHandleVerifier [0x00D89D97+537463]
GetHandleVerifier [0x00D83252+510002]
Ordinal0 [0x00C7F12C+1110316]
Ordinal0 [0x00C8921B+1151515]
Ordinal0 [0x00C89383+1151875]
Ordinal0 [0x00C88285+1147525]
BaseThreadInitThunk [0x76AB6359+25]
RtlGetAppContainerNamedObjectPath [0x773B7B74+228]
RtlGetAppContainerNamedObjectPath [0x773B7B44+180]

at java.base/jdk.internal.reflect.NativeConstructorAccessorImpl.newInstance0(Native Method)
at java.base/jdk.internal.reflect.NativeConstructorAccessorImpl.newInstance(Unknown Source)
at java.base/jdk.internal.reflect.DelegatingConstructorAccessorImpl.newInstance(Unknown Source)
at java.base/java.lang.reflect.Constructor.newInstanceWithCaller(Unknown Source)
at java.base/java.lang.reflect.Constructor.newInstance(Unknown Source)
at org.openqa.selenium.remote.W3CHandshakeResponse.lambda$errorHandler$0(W3CHandshakeResponse.java:62)
at org.openqa.selenium.remote.HandshakeResponse.lambda$getResponseFunction$0(HandshakeResponse.java:30)
at org.openqa.selenium.remote.ProtocolHandshake.lambda$createSession$0(ProtocolHandshake.java:126)
at java.base/java.util.stream.ReferencePipeline$3$1.accept(Unknown Source)
at java.base/java.util.Spliterators$ArraySpliterator.tryAdvance(Unknown Source)
at java.base/java.util.stream.ReferencePipeline.forEachWithCancel(Unknown Source)
at java.base/java.util.stream.AbstractPipeline.copyIntoWithCancel(Unknown Source)
at java.base/java.util.stream.AbstractPipeline.copyInto(Unknown Source)
at java.base/java.util.stream.AbstractPipeline.wrapAndCopyInto(Unknown Source)
at java.base/java.util.stream.FindOps$FindOp.evaluateSequential(Unknown Source)
at java.base/java.util.stream.AbstractPipeline.evaluate(Unknown Source)
at java.base/java.util.stream.ReferencePipeline.findFirst(Unknown Source)
at org.openqa.selenium.remote.ProtocolHandshake.createSession(ProtocolHandshake.java:128)
at org.openqa.selenium.remote.ProtocolHandshake.createSession(ProtocolHandshake.java:74)
at org.openqa.selenium.remote.HttpCommandExecutor.execute(HttpCommandExecutor.java:136)
at org.openqa.selenium.remote.service.DriverCommandExecutor.execute(DriverCommandExecutor.java:83)
at org.openqa.selenium.remote.RemoteWebDriver.execute(RemoteWebDriver.java:552)
at org.openqa.selenium.remote.RemoteWebDriver.startSession(RemoteWebDriver.java:213)
at org.openqa.selenium.remote.RemoteWebDriver.<init>(RemoteWebDriver.java:131)
at org.openqa.selenium.chrome.ChromeDriver.<init>(ChromeDriver.java:181)
at org.openqa.selenium.chrome.ChromeDriver.<init>(ChromeDriver.java:168)
at org.openqa.selenium.chrome.ChromeDriver.<init>(ChromeDriver.java:157)
at resources.base.initializeDriver(base.java:38)
at IdentifyBikesandCars.IdentifyBikesTest.initialize(IdentifyBikesTest.java:44)
at java.base/jdk.internal.reflect.NativeMethodAccessorImpl.invoke0(Native Method)
at java.base/jdk.internal.reflect.NativeMethodAccessorImpl.invoke(Unknown Source)
at java.base/jdk.internal.reflect.DelegatingMethodAccessorImpl.invoke(Unknown Source)
at java.base/java.lang.reflect.Method.invoke(Unknown Source)
at org.testng.internal.MethodInvocationHelper.invokeMethod(MethodInvocationHelper.java:132)
at org.testng.internal.MethodInvocationHelper.invokeMethodConsideringTimeout(MethodInvocationHelper.java:61)
at org.testng.internal.ConfigInvoker.invokeConfigurationMethod(ConfigInvoker.java:366)
at org.testng.internal.ConfigInvoker.invokeConfigurations(ConfigInvoker.java:320)
at org.testng.TestRunner.invokeTestConfigurations(TestRunner.java:617)
at org.testng.TestRunner.beforeRun(TestRunner.java:607)
at org.testng.TestRunner.run(TestRunner.java:578)
at org.testng.SuiteRunner.runTest(SuiteRunner.java:384)
at org.testng.SuiteRunner.runSequentially(SuiteRunner.java:378)
at org.testng.SuiteRunner.privateRun(SuiteRunner.java:337)
at org.testng.SuiteRunner.run(SuiteRunner.java:286)
at org.testng.SuiteRunnerWorker.runSuite(SuiteRunnerWorker.java:53)
at org.testng.SuiteRunnerWorker.run(SuiteRunnerWorker.java:96)
at org.testng.TestNG.runSuitesSequentially(TestNG.java:1218)
at org.testng.TestNG.runSuitesLocally(TestNG.java:1140)
at org.testng.TestNG.runSuites(TestNG.java:1069)
at org.testng.TestNG.run(TestNG.java:1037)
at org.testng.remote.AbstractRemoteTestNG.run(AbstractRemoteTestNG.java:115)
at org.testng.remote.RemoteTestNG.initAndRun(RemoteTestNG.java:251)
at org.testng.remote.RemoteTestNG.main(RemoteTestNG.java:77)
]]>
            </full-stacktrace>
          </exception> <!-- org.openqa.selenium.SessionNotCreatedException -->
          <reporter-output>
          </reporter-output>
        </test-method> <!-- getCarDetails -->
        <test-method signature="loginInvalidEmail()[pri:8, instance:IdentifyBikesandCars.IdentifyBikesTest@710b18a6]" started-at="2020-11-06T17:36:18 IST" name="loginInvalidEmail" finished-at="2020-11-06T17:36:18 IST" duration-ms="0" status="SKIP">
          <exception class="org.openqa.selenium.SessionNotCreatedException">
            <message>
              <![CDATA[session not created: This version of ChromeDriver only supports Chrome version 79
Build info: version: '3.141.59', revision: 'e82be7d358', time: '2018-11-14T08:17:03'
System info: host: 'DESKTOP-VJLDRGC', ip: '192.168.0.102', os.name: 'Windows 10', os.arch: 'amd64', os.version: '10.0', java.version: '14.0.2'
Driver info: driver.version: ChromeDriver
remote stacktrace: Backtrace:
Ordinal0 [0x00CE9F93+1548179]
Ordinal0 [0x00C6DC51+1039441]
Ordinal0 [0x00BEE495+517269]
Ordinal0 [0x00B7FD34+64820]
Ordinal0 [0x00B7C61E+50718]
Ordinal0 [0x00B9B797+178071]
Ordinal0 [0x00B9B59D+177565]
Ordinal0 [0x00B995FB+169467]
Ordinal0 [0x00B8160A+71178]
Ordinal0 [0x00B82690+75408]
Ordinal0 [0x00B82629+75305]
Ordinal0 [0x00C87047+1142855]
GetHandleVerifier [0x00D82996+507766]
GetHandleVerifier [0x00D826B4+507028]
GetHandleVerifier [0x00D89D97+537463]
GetHandleVerifier [0x00D83252+510002]
Ordinal0 [0x00C7F12C+1110316]
Ordinal0 [0x00C8921B+1151515]
Ordinal0 [0x00C89383+1151875]
Ordinal0 [0x00C88285+1147525]
BaseThreadInitThunk [0x76AB6359+25]
RtlGetAppContainerNamedObjectPath [0x773B7B74+228]
RtlGetAppContainerNamedObjectPath [0x773B7B44+180]
]]>
            </message>
            <full-stacktrace>
              <![CDATA[org.openqa.selenium.SessionNotCreatedException: session not created: This version of ChromeDriver only supports Chrome version 79
Build info: version: '3.141.59', revision: 'e82be7d358', time: '2018-11-14T08:17:03'
System info: host: 'DESKTOP-VJLDRGC', ip: '192.168.0.102', os.name: 'Windows 10', os.arch: 'amd64', os.version: '10.0', java.version: '14.0.2'
Driver info: driver.version: ChromeDriver
remote stacktrace: Backtrace:
Ordinal0 [0x00CE9F93+1548179]
Ordinal0 [0x00C6DC51+1039441]
Ordinal0 [0x00BEE495+517269]
Ordinal0 [0x00B7FD34+64820]
Ordinal0 [0x00B7C61E+50718]
Ordinal0 [0x00B9B797+178071]
Ordinal0 [0x00B9B59D+177565]
Ordinal0 [0x00B995FB+169467]
Ordinal0 [0x00B8160A+71178]
Ordinal0 [0x00B82690+75408]
Ordinal0 [0x00B82629+75305]
Ordinal0 [0x00C87047+1142855]
GetHandleVerifier [0x00D82996+507766]
GetHandleVerifier [0x00D826B4+507028]
GetHandleVerifier [0x00D89D97+537463]
GetHandleVerifier [0x00D83252+510002]
Ordinal0 [0x00C7F12C+1110316]
Ordinal0 [0x00C8921B+1151515]
Ordinal0 [0x00C89383+1151875]
Ordinal0 [0x00C88285+1147525]
BaseThreadInitThunk [0x76AB6359+25]
RtlGetAppContainerNamedObjectPath [0x773B7B74+228]
RtlGetAppContainerNamedObjectPath [0x773B7B44+180]

at java.base/jdk.internal.reflect.NativeConstructorAccessorImpl.newInstance0(Native Method)
at java.base/jdk.internal.reflect.NativeConstructorAccessorImpl.newInstance(Unknown Source)
at java.base/jdk.internal.reflect.DelegatingConstructorAccessorImpl.newInstance(Unknown Source)
at java.base/java.lang.reflect.Constructor.newInstanceWithCaller(Unknown Source)
at java.base/java.lang.reflect.Constructor.newInstance(Unknown Source)
at org.openqa.selenium.remote.W3CHandshakeResponse.lambda$errorHandler$0(W3CHandshakeResponse.java:62)
at org.openqa.selenium.remote.HandshakeResponse.lambda$getResponseFunction$0(HandshakeResponse.java:30)
at org.openqa.selenium.remote.ProtocolHandshake.lambda$createSession$0(ProtocolHandshake.java:126)
at java.base/java.util.stream.ReferencePipeline$3$1.accept(Unknown Source)
at java.base/java.util.Spliterators$ArraySpliterator.tryAdvance(Unknown Source)
at java.base/java.util.stream.ReferencePipeline.forEachWithCancel(Unknown Source)
at java.base/java.util.stream.AbstractPipeline.copyIntoWithCancel(Unknown Source)
at java.base/java.util.stream.AbstractPipeline.copyInto(Unknown Source)
at java.base/java.util.stream.AbstractPipeline.wrapAndCopyInto(Unknown Source)
at java.base/java.util.stream.FindOps$FindOp.evaluateSequential(Unknown Source)
at java.base/java.util.stream.AbstractPipeline.evaluate(Unknown Source)
at java.base/java.util.stream.ReferencePipeline.findFirst(Unknown Source)
at org.openqa.selenium.remote.ProtocolHandshake.createSession(ProtocolHandshake.java:128)
at org.openqa.selenium.remote.ProtocolHandshake.createSession(ProtocolHandshake.java:74)
at org.openqa.selenium.remote.HttpCommandExecutor.execute(HttpCommandExecutor.java:136)
at org.openqa.selenium.remote.service.DriverCommandExecutor.execute(DriverCommandExecutor.java:83)
at org.openqa.selenium.remote.RemoteWebDriver.execute(RemoteWebDriver.java:552)
at org.openqa.selenium.remote.RemoteWebDriver.startSession(RemoteWebDriver.java:213)
at org.openqa.selenium.remote.RemoteWebDriver.<init>(RemoteWebDriver.java:131)
at org.openqa.selenium.chrome.ChromeDriver.<init>(ChromeDriver.java:181)
at org.openqa.selenium.chrome.ChromeDriver.<init>(ChromeDriver.java:168)
at org.openqa.selenium.chrome.ChromeDriver.<init>(ChromeDriver.java:157)
at resources.base.initializeDriver(base.java:38)
at IdentifyBikesandCars.IdentifyBikesTest.initialize(IdentifyBikesTest.java:44)
at java.base/jdk.internal.reflect.NativeMethodAccessorImpl.invoke0(Native Method)
at java.base/jdk.internal.reflect.NativeMethodAccessorImpl.invoke(Unknown Source)
at java.base/jdk.internal.reflect.DelegatingMethodAccessorImpl.invoke(Unknown Source)
at java.base/java.lang.reflect.Method.invoke(Unknown Source)
at org.testng.internal.MethodInvocationHelper.invokeMethod(MethodInvocationHelper.java:132)
at org.testng.internal.MethodInvocationHelper.invokeMethodConsideringTimeout(MethodInvocationHelper.java:61)
at org.testng.internal.ConfigInvoker.invokeConfigurationMethod(ConfigInvoker.java:366)
at org.testng.internal.ConfigInvoker.invokeConfigurations(ConfigInvoker.java:320)
at org.testng.TestRunner.invokeTestConfigurations(TestRunner.java:617)
at org.testng.TestRunner.beforeRun(TestRunner.java:607)
at org.testng.TestRunner.run(TestRunner.java:578)
at org.testng.SuiteRunner.runTest(SuiteRunner.java:384)
at org.testng.SuiteRunner.runSequentially(SuiteRunner.java:378)
at org.testng.SuiteRunner.privateRun(SuiteRunner.java:337)
at org.testng.SuiteRunner.run(SuiteRunner.java:286)
at org.testng.SuiteRunnerWorker.runSuite(SuiteRunnerWorker.java:53)
at org.testng.SuiteRunnerWorker.run(SuiteRunnerWorker.java:96)
at org.testng.TestNG.runSuitesSequentially(TestNG.java:1218)
at org.testng.TestNG.runSuitesLocally(TestNG.java:1140)
at org.testng.TestNG.runSuites(TestNG.java:1069)
at org.testng.TestNG.run(TestNG.java:1037)
at org.testng.remote.AbstractRemoteTestNG.run(AbstractRemoteTestNG.java:115)
at org.testng.remote.RemoteTestNG.initAndRun(RemoteTestNG.java:251)
at org.testng.remote.RemoteTestNG.main(RemoteTestNG.java:77)
]]>
            </full-stacktrace>
          </exception> <!-- org.openqa.selenium.SessionNotCreatedException -->
          <reporter-output>
          </reporter-output>
        </test-method> <!-- loginInvalidEmail -->
        <test-method signature="loginWithoutPassword()[pri:9, instance:IdentifyBikesandCars.IdentifyBikesTest@710b18a6]" started-at="2020-11-06T17:36:18 IST" name="loginWithoutPassword" finished-at="2020-11-06T17:36:18 IST" duration-ms="0" status="SKIP">
          <exception class="org.openqa.selenium.SessionNotCreatedException">
            <message>
              <![CDATA[session not created: This version of ChromeDriver only supports Chrome version 79
Build info: version: '3.141.59', revision: 'e82be7d358', time: '2018-11-14T08:17:03'
System info: host: 'DESKTOP-VJLDRGC', ip: '192.168.0.102', os.name: 'Windows 10', os.arch: 'amd64', os.version: '10.0', java.version: '14.0.2'
Driver info: driver.version: ChromeDriver
remote stacktrace: Backtrace:
Ordinal0 [0x00CE9F93+1548179]
Ordinal0 [0x00C6DC51+1039441]
Ordinal0 [0x00BEE495+517269]
Ordinal0 [0x00B7FD34+64820]
Ordinal0 [0x00B7C61E+50718]
Ordinal0 [0x00B9B797+178071]
Ordinal0 [0x00B9B59D+177565]
Ordinal0 [0x00B995FB+169467]
Ordinal0 [0x00B8160A+71178]
Ordinal0 [0x00B82690+75408]
Ordinal0 [0x00B82629+75305]
Ordinal0 [0x00C87047+1142855]
GetHandleVerifier [0x00D82996+507766]
GetHandleVerifier [0x00D826B4+507028]
GetHandleVerifier [0x00D89D97+537463]
GetHandleVerifier [0x00D83252+510002]
Ordinal0 [0x00C7F12C+1110316]
Ordinal0 [0x00C8921B+1151515]
Ordinal0 [0x00C89383+1151875]
Ordinal0 [0x00C88285+1147525]
BaseThreadInitThunk [0x76AB6359+25]
RtlGetAppContainerNamedObjectPath [0x773B7B74+228]
RtlGetAppContainerNamedObjectPath [0x773B7B44+180]
]]>
            </message>
            <full-stacktrace>
              <![CDATA[org.openqa.selenium.SessionNotCreatedException: session not created: This version of ChromeDriver only supports Chrome version 79
Build info: version: '3.141.59', revision: 'e82be7d358', time: '2018-11-14T08:17:03'
System info: host: 'DESKTOP-VJLDRGC', ip: '192.168.0.102', os.name: 'Windows 10', os.arch: 'amd64', os.version: '10.0', java.version: '14.0.2'
Driver info: driver.version: ChromeDriver
remote stacktrace: Backtrace:
Ordinal0 [0x00CE9F93+1548179]
Ordinal0 [0x00C6DC51+1039441]
Ordinal0 [0x00BEE495+517269]
Ordinal0 [0x00B7FD34+64820]
Ordinal0 [0x00B7C61E+50718]
Ordinal0 [0x00B9B797+178071]
Ordinal0 [0x00B9B59D+177565]
Ordinal0 [0x00B995FB+169467]
Ordinal0 [0x00B8160A+71178]
Ordinal0 [0x00B82690+75408]
Ordinal0 [0x00B82629+75305]
Ordinal0 [0x00C87047+1142855]
GetHandleVerifier [0x00D82996+507766]
GetHandleVerifier [0x00D826B4+507028]
GetHandleVerifier [0x00D89D97+537463]
GetHandleVerifier [0x00D83252+510002]
Ordinal0 [0x00C7F12C+1110316]
Ordinal0 [0x00C8921B+1151515]
Ordinal0 [0x00C89383+1151875]
Ordinal0 [0x00C88285+1147525]
BaseThreadInitThunk [0x76AB6359+25]
RtlGetAppContainerNamedObjectPath [0x773B7B74+228]
RtlGetAppContainerNamedObjectPath [0x773B7B44+180]

at java.base/jdk.internal.reflect.NativeConstructorAccessorImpl.newInstance0(Native Method)
at java.base/jdk.internal.reflect.NativeConstructorAccessorImpl.newInstance(Unknown Source)
at java.base/jdk.internal.reflect.DelegatingConstructorAccessorImpl.newInstance(Unknown Source)
at java.base/java.lang.reflect.Constructor.newInstanceWithCaller(Unknown Source)
at java.base/java.lang.reflect.Constructor.newInstance(Unknown Source)
at org.openqa.selenium.remote.W3CHandshakeResponse.lambda$errorHandler$0(W3CHandshakeResponse.java:62)
at org.openqa.selenium.remote.HandshakeResponse.lambda$getResponseFunction$0(HandshakeResponse.java:30)
at org.openqa.selenium.remote.ProtocolHandshake.lambda$createSession$0(ProtocolHandshake.java:126)
at java.base/java.util.stream.ReferencePipeline$3$1.accept(Unknown Source)
at java.base/java.util.Spliterators$ArraySpliterator.tryAdvance(Unknown Source)
at java.base/java.util.stream.ReferencePipeline.forEachWithCancel(Unknown Source)
at java.base/java.util.stream.AbstractPipeline.copyIntoWithCancel(Unknown Source)
at java.base/java.util.stream.AbstractPipeline.copyInto(Unknown Source)
at java.base/java.util.stream.AbstractPipeline.wrapAndCopyInto(Unknown Source)
at java.base/java.util.stream.FindOps$FindOp.evaluateSequential(Unknown Source)
at java.base/java.util.stream.AbstractPipeline.evaluate(Unknown Source)
at java.base/java.util.stream.ReferencePipeline.findFirst(Unknown Source)
at org.openqa.selenium.remote.ProtocolHandshake.createSession(ProtocolHandshake.java:128)
at org.openqa.selenium.remote.ProtocolHandshake.createSession(ProtocolHandshake.java:74)
at org.openqa.selenium.remote.HttpCommandExecutor.execute(HttpCommandExecutor.java:136)
at org.openqa.selenium.remote.service.DriverCommandExecutor.execute(DriverCommandExecutor.java:83)
at org.openqa.selenium.remote.RemoteWebDriver.execute(RemoteWebDriver.java:552)
at org.openqa.selenium.remote.RemoteWebDriver.startSession(RemoteWebDriver.java:213)
at org.openqa.selenium.remote.RemoteWebDriver.<init>(RemoteWebDriver.java:131)
at org.openqa.selenium.chrome.ChromeDriver.<init>(ChromeDriver.java:181)
at org.openqa.selenium.chrome.ChromeDriver.<init>(ChromeDriver.java:168)
at org.openqa.selenium.chrome.ChromeDriver.<init>(ChromeDriver.java:157)
at resources.base.initializeDriver(base.java:38)
at IdentifyBikesandCars.IdentifyBikesTest.initialize(IdentifyBikesTest.java:44)
at java.base/jdk.internal.reflect.NativeMethodAccessorImpl.invoke0(Native Method)
at java.base/jdk.internal.reflect.NativeMethodAccessorImpl.invoke(Unknown Source)
at java.base/jdk.internal.reflect.DelegatingMethodAccessorImpl.invoke(Unknown Source)
at java.base/java.lang.reflect.Method.invoke(Unknown Source)
at org.testng.internal.MethodInvocationHelper.invokeMethod(MethodInvocationHelper.java:132)
at org.testng.internal.MethodInvocationHelper.invokeMethodConsideringTimeout(MethodInvocationHelper.java:61)
at org.testng.internal.ConfigInvoker.invokeConfigurationMethod(ConfigInvoker.java:366)
at org.testng.internal.ConfigInvoker.invokeConfigurations(ConfigInvoker.java:320)
at org.testng.TestRunner.invokeTestConfigurations(TestRunner.java:617)
at org.testng.TestRunner.beforeRun(TestRunner.java:607)
at org.testng.TestRunner.run(TestRunner.java:578)
at org.testng.SuiteRunner.runTest(SuiteRunner.java:384)
at org.testng.SuiteRunner.runSequentially(SuiteRunner.java:378)
at org.testng.SuiteRunner.privateRun(SuiteRunner.java:337)
at org.testng.SuiteRunner.run(SuiteRunner.java:286)
at org.testng.SuiteRunnerWorker.runSuite(SuiteRunnerWorker.java:53)
at org.testng.SuiteRunnerWorker.run(SuiteRunnerWorker.java:96)
at org.testng.TestNG.runSuitesSequentially(TestNG.java:1218)
at org.testng.TestNG.runSuitesLocally(TestNG.java:1140)
at org.testng.TestNG.runSuites(TestNG.java:1069)
at org.testng.TestNG.run(TestNG.java:1037)
at org.testng.remote.AbstractRemoteTestNG.run(AbstractRemoteTestNG.java:115)
at org.testng.remote.RemoteTestNG.initAndRun(RemoteTestNG.java:251)
at org.testng.remote.RemoteTestNG.main(RemoteTestNG.java:77)
]]>
            </full-stacktrace>
          </exception> <!-- org.openqa.selenium.SessionNotCreatedException -->
          <reporter-output>
          </reporter-output>
        </test-method> <!-- loginWithoutPassword -->
        <test-method signature="loginWithoutEmail()[pri:10, instance:IdentifyBikesandCars.IdentifyBikesTest@710b18a6]" started-at="2020-11-06T17:36:18 IST" name="loginWithoutEmail" finished-at="2020-11-06T17:36:18 IST" duration-ms="0" status="SKIP">
          <exception class="org.openqa.selenium.SessionNotCreatedException">
            <message>
              <![CDATA[session not created: This version of ChromeDriver only supports Chrome version 79
Build info: version: '3.141.59', revision: 'e82be7d358', time: '2018-11-14T08:17:03'
System info: host: 'DESKTOP-VJLDRGC', ip: '192.168.0.102', os.name: 'Windows 10', os.arch: 'amd64', os.version: '10.0', java.version: '14.0.2'
Driver info: driver.version: ChromeDriver
remote stacktrace: Backtrace:
Ordinal0 [0x00CE9F93+1548179]
Ordinal0 [0x00C6DC51+1039441]
Ordinal0 [0x00BEE495+517269]
Ordinal0 [0x00B7FD34+64820]
Ordinal0 [0x00B7C61E+50718]
Ordinal0 [0x00B9B797+178071]
Ordinal0 [0x00B9B59D+177565]
Ordinal0 [0x00B995FB+169467]
Ordinal0 [0x00B8160A+71178]
Ordinal0 [0x00B82690+75408]
Ordinal0 [0x00B82629+75305]
Ordinal0 [0x00C87047+1142855]
GetHandleVerifier [0x00D82996+507766]
GetHandleVerifier [0x00D826B4+507028]
GetHandleVerifier [0x00D89D97+537463]
GetHandleVerifier [0x00D83252+510002]
Ordinal0 [0x00C7F12C+1110316]
Ordinal0 [0x00C8921B+1151515]
Ordinal0 [0x00C89383+1151875]
Ordinal0 [0x00C88285+1147525]
BaseThreadInitThunk [0x76AB6359+25]
RtlGetAppContainerNamedObjectPath [0x773B7B74+228]
RtlGetAppContainerNamedObjectPath [0x773B7B44+180]
]]>
            </message>
            <full-stacktrace>
              <![CDATA[org.openqa.selenium.SessionNotCreatedException: session not created: This version of ChromeDriver only supports Chrome version 79
Build info: version: '3.141.59', revision: 'e82be7d358', time: '2018-11-14T08:17:03'
System info: host: 'DESKTOP-VJLDRGC', ip: '192.168.0.102', os.name: 'Windows 10', os.arch: 'amd64', os.version: '10.0', java.version: '14.0.2'
Driver info: driver.version: ChromeDriver
remote stacktrace: Backtrace:
Ordinal0 [0x00CE9F93+1548179]
Ordinal0 [0x00C6DC51+1039441]
Ordinal0 [0x00BEE495+517269]
Ordinal0 [0x00B7FD34+64820]
Ordinal0 [0x00B7C61E+50718]
Ordinal0 [0x00B9B797+178071]
Ordinal0 [0x00B9B59D+177565]
Ordinal0 [0x00B995FB+169467]
Ordinal0 [0x00B8160A+71178]
Ordinal0 [0x00B82690+75408]
Ordinal0 [0x00B82629+75305]
Ordinal0 [0x00C87047+1142855]
GetHandleVerifier [0x00D82996+507766]
GetHandleVerifier [0x00D826B4+507028]
GetHandleVerifier [0x00D89D97+537463]
GetHandleVerifier [0x00D83252+510002]
Ordinal0 [0x00C7F12C+1110316]
Ordinal0 [0x00C8921B+1151515]
Ordinal0 [0x00C89383+1151875]
Ordinal0 [0x00C88285+1147525]
BaseThreadInitThunk [0x76AB6359+25]
RtlGetAppContainerNamedObjectPath [0x773B7B74+228]
RtlGetAppContainerNamedObjectPath [0x773B7B44+180]

at java.base/jdk.internal.reflect.NativeConstructorAccessorImpl.newInstance0(Native Method)
at java.base/jdk.internal.reflect.NativeConstructorAccessorImpl.newInstance(Unknown Source)
at java.base/jdk.internal.reflect.DelegatingConstructorAccessorImpl.newInstance(Unknown Source)
at java.base/java.lang.reflect.Constructor.newInstanceWithCaller(Unknown Source)
at java.base/java.lang.reflect.Constructor.newInstance(Unknown Source)
at org.openqa.selenium.remote.W3CHandshakeResponse.lambda$errorHandler$0(W3CHandshakeResponse.java:62)
at org.openqa.selenium.remote.HandshakeResponse.lambda$getResponseFunction$0(HandshakeResponse.java:30)
at org.openqa.selenium.remote.ProtocolHandshake.lambda$createSession$0(ProtocolHandshake.java:126)
at java.base/java.util.stream.ReferencePipeline$3$1.accept(Unknown Source)
at java.base/java.util.Spliterators$ArraySpliterator.tryAdvance(Unknown Source)
at java.base/java.util.stream.ReferencePipeline.forEachWithCancel(Unknown Source)
at java.base/java.util.stream.AbstractPipeline.copyIntoWithCancel(Unknown Source)
at java.base/java.util.stream.AbstractPipeline.copyInto(Unknown Source)
at java.base/java.util.stream.AbstractPipeline.wrapAndCopyInto(Unknown Source)
at java.base/java.util.stream.FindOps$FindOp.evaluateSequential(Unknown Source)
at java.base/java.util.stream.AbstractPipeline.evaluate(Unknown Source)
at java.base/java.util.stream.ReferencePipeline.findFirst(Unknown Source)
at org.openqa.selenium.remote.ProtocolHandshake.createSession(ProtocolHandshake.java:128)
at org.openqa.selenium.remote.ProtocolHandshake.createSession(ProtocolHandshake.java:74)
at org.openqa.selenium.remote.HttpCommandExecutor.execute(HttpCommandExecutor.java:136)
at org.openqa.selenium.remote.service.DriverCommandExecutor.execute(DriverCommandExecutor.java:83)
at org.openqa.selenium.remote.RemoteWebDriver.execute(RemoteWebDriver.java:552)
at org.openqa.selenium.remote.RemoteWebDriver.startSession(RemoteWebDriver.java:213)
at org.openqa.selenium.remote.RemoteWebDriver.<init>(RemoteWebDriver.java:131)
at org.openqa.selenium.chrome.ChromeDriver.<init>(ChromeDriver.java:181)
at org.openqa.selenium.chrome.ChromeDriver.<init>(ChromeDriver.java:168)
at org.openqa.selenium.chrome.ChromeDriver.<init>(ChromeDriver.java:157)
at resources.base.initializeDriver(base.java:38)
at IdentifyBikesandCars.IdentifyBikesTest.initialize(IdentifyBikesTest.java:44)
at java.base/jdk.internal.reflect.NativeMethodAccessorImpl.invoke0(Native Method)
at java.base/jdk.internal.reflect.NativeMethodAccessorImpl.invoke(Unknown Source)
at java.base/jdk.internal.reflect.DelegatingMethodAccessorImpl.invoke(Unknown Source)
at java.base/java.lang.reflect.Method.invoke(Unknown Source)
at org.testng.internal.MethodInvocationHelper.invokeMethod(MethodInvocationHelper.java:132)
at org.testng.internal.MethodInvocationHelper.invokeMethodConsideringTimeout(MethodInvocationHelper.java:61)
at org.testng.internal.ConfigInvoker.invokeConfigurationMethod(ConfigInvoker.java:366)
at org.testng.internal.ConfigInvoker.invokeConfigurations(ConfigInvoker.java:320)
at org.testng.TestRunner.invokeTestConfigurations(TestRunner.java:617)
at org.testng.TestRunner.beforeRun(TestRunner.java:607)
at org.testng.TestRunner.run(TestRunner.java:578)
at org.testng.SuiteRunner.runTest(SuiteRunner.java:384)
at org.testng.SuiteRunner.runSequentially(SuiteRunner.java:378)
at org.testng.SuiteRunner.privateRun(SuiteRunner.java:337)
at org.testng.SuiteRunner.run(SuiteRunner.java:286)
at org.testng.SuiteRunnerWorker.runSuite(SuiteRunnerWorker.java:53)
at org.testng.SuiteRunnerWorker.run(SuiteRunnerWorker.java:96)
at org.testng.TestNG.runSuitesSequentially(TestNG.java:1218)
at org.testng.TestNG.runSuitesLocally(TestNG.java:1140)
at org.testng.TestNG.runSuites(TestNG.java:1069)
at org.testng.TestNG.run(TestNG.java:1037)
at org.testng.remote.AbstractRemoteTestNG.run(AbstractRemoteTestNG.java:115)
at org.testng.remote.RemoteTestNG.initAndRun(RemoteTestNG.java:251)
at org.testng.remote.RemoteTestNG.main(RemoteTestNG.java:77)
]]>
            </full-stacktrace>
          </exception> <!-- org.openqa.selenium.SessionNotCreatedException -->
          <reporter-output>
          </reporter-output>
        </test-method> <!-- loginWithoutEmail -->
        <test-method signature="loginWithoutCaptcha()[pri:11, instance:IdentifyBikesandCars.IdentifyBikesTest@710b18a6]" started-at="2020-11-06T17:36:18 IST" name="loginWithoutCaptcha" finished-at="2020-11-06T17:36:18 IST" duration-ms="0" status="SKIP">
          <exception class="org.openqa.selenium.SessionNotCreatedException">
            <message>
              <![CDATA[session not created: This version of ChromeDriver only supports Chrome version 79
Build info: version: '3.141.59', revision: 'e82be7d358', time: '2018-11-14T08:17:03'
System info: host: 'DESKTOP-VJLDRGC', ip: '192.168.0.102', os.name: 'Windows 10', os.arch: 'amd64', os.version: '10.0', java.version: '14.0.2'
Driver info: driver.version: ChromeDriver
remote stacktrace: Backtrace:
Ordinal0 [0x00CE9F93+1548179]
Ordinal0 [0x00C6DC51+1039441]
Ordinal0 [0x00BEE495+517269]
Ordinal0 [0x00B7FD34+64820]
Ordinal0 [0x00B7C61E+50718]
Ordinal0 [0x00B9B797+178071]
Ordinal0 [0x00B9B59D+177565]
Ordinal0 [0x00B995FB+169467]
Ordinal0 [0x00B8160A+71178]
Ordinal0 [0x00B82690+75408]
Ordinal0 [0x00B82629+75305]
Ordinal0 [0x00C87047+1142855]
GetHandleVerifier [0x00D82996+507766]
GetHandleVerifier [0x00D826B4+507028]
GetHandleVerifier [0x00D89D97+537463]
GetHandleVerifier [0x00D83252+510002]
Ordinal0 [0x00C7F12C+1110316]
Ordinal0 [0x00C8921B+1151515]
Ordinal0 [0x00C89383+1151875]
Ordinal0 [0x00C88285+1147525]
BaseThreadInitThunk [0x76AB6359+25]
RtlGetAppContainerNamedObjectPath [0x773B7B74+228]
RtlGetAppContainerNamedObjectPath [0x773B7B44+180]
]]>
            </message>
            <full-stacktrace>
              <![CDATA[org.openqa.selenium.SessionNotCreatedException: session not created: This version of ChromeDriver only supports Chrome version 79
Build info: version: '3.141.59', revision: 'e82be7d358', time: '2018-11-14T08:17:03'
System info: host: 'DESKTOP-VJLDRGC', ip: '192.168.0.102', os.name: 'Windows 10', os.arch: 'amd64', os.version: '10.0', java.version: '14.0.2'
Driver info: driver.version: ChromeDriver
remote stacktrace: Backtrace:
Ordinal0 [0x00CE9F93+1548179]
Ordinal0 [0x00C6DC51+1039441]
Ordinal0 [0x00BEE495+517269]
Ordinal0 [0x00B7FD34+64820]
Ordinal0 [0x00B7C61E+50718]
Ordinal0 [0x00B9B797+178071]
Ordinal0 [0x00B9B59D+177565]
Ordinal0 [0x00B995FB+169467]
Ordinal0 [0x00B8160A+71178]
Ordinal0 [0x00B82690+75408]
Ordinal0 [0x00B82629+75305]
Ordinal0 [0x00C87047+1142855]
GetHandleVerifier [0x00D82996+507766]
GetHandleVerifier [0x00D826B4+507028]
GetHandleVerifier [0x00D89D97+537463]
GetHandleVerifier [0x00D83252+510002]
Ordinal0 [0x00C7F12C+1110316]
Ordinal0 [0x00C8921B+1151515]
Ordinal0 [0x00C89383+1151875]
Ordinal0 [0x00C88285+1147525]
BaseThreadInitThunk [0x76AB6359+25]
RtlGetAppContainerNamedObjectPath [0x773B7B74+228]
RtlGetAppContainerNamedObjectPath [0x773B7B44+180]

at java.base/jdk.internal.reflect.NativeConstructorAccessorImpl.newInstance0(Native Method)
at java.base/jdk.internal.reflect.NativeConstructorAccessorImpl.newInstance(Unknown Source)
at java.base/jdk.internal.reflect.DelegatingConstructorAccessorImpl.newInstance(Unknown Source)
at java.base/java.lang.reflect.Constructor.newInstanceWithCaller(Unknown Source)
at java.base/java.lang.reflect.Constructor.newInstance(Unknown Source)
at org.openqa.selenium.remote.W3CHandshakeResponse.lambda$errorHandler$0(W3CHandshakeResponse.java:62)
at org.openqa.selenium.remote.HandshakeResponse.lambda$getResponseFunction$0(HandshakeResponse.java:30)
at org.openqa.selenium.remote.ProtocolHandshake.lambda$createSession$0(ProtocolHandshake.java:126)
at java.base/java.util.stream.ReferencePipeline$3$1.accept(Unknown Source)
at java.base/java.util.Spliterators$ArraySpliterator.tryAdvance(Unknown Source)
at java.base/java.util.stream.ReferencePipeline.forEachWithCancel(Unknown Source)
at java.base/java.util.stream.AbstractPipeline.copyIntoWithCancel(Unknown Source)
at java.base/java.util.stream.AbstractPipeline.copyInto(Unknown Source)
at java.base/java.util.stream.AbstractPipeline.wrapAndCopyInto(Unknown Source)
at java.base/java.util.stream.FindOps$FindOp.evaluateSequential(Unknown Source)
at java.base/java.util.stream.AbstractPipeline.evaluate(Unknown Source)
at java.base/java.util.stream.ReferencePipeline.findFirst(Unknown Source)
at org.openqa.selenium.remote.ProtocolHandshake.createSession(ProtocolHandshake.java:128)
at org.openqa.selenium.remote.ProtocolHandshake.createSession(ProtocolHandshake.java:74)
at org.openqa.selenium.remote.HttpCommandExecutor.execute(HttpCommandExecutor.java:136)
at org.openqa.selenium.remote.service.DriverCommandExecutor.execute(DriverCommandExecutor.java:83)
at org.openqa.selenium.remote.RemoteWebDriver.execute(RemoteWebDriver.java:552)
at org.openqa.selenium.remote.RemoteWebDriver.startSession(RemoteWebDriver.java:213)
at org.openqa.selenium.remote.RemoteWebDriver.<init>(RemoteWebDriver.java:131)
at org.openqa.selenium.chrome.ChromeDriver.<init>(ChromeDriver.java:181)
at org.openqa.selenium.chrome.ChromeDriver.<init>(ChromeDriver.java:168)
at org.openqa.selenium.chrome.ChromeDriver.<init>(ChromeDriver.java:157)
at resources.base.initializeDriver(base.java:38)
at IdentifyBikesandCars.IdentifyBikesTest.initialize(IdentifyBikesTest.java:44)
at java.base/jdk.internal.reflect.NativeMethodAccessorImpl.invoke0(Native Method)
at java.base/jdk.internal.reflect.NativeMethodAccessorImpl.invoke(Unknown Source)
at java.base/jdk.internal.reflect.DelegatingMethodAccessorImpl.invoke(Unknown Source)
at java.base/java.lang.reflect.Method.invoke(Unknown Source)
at org.testng.internal.MethodInvocationHelper.invokeMethod(MethodInvocationHelper.java:132)
at org.testng.internal.MethodInvocationHelper.invokeMethodConsideringTimeout(MethodInvocationHelper.java:61)
at org.testng.internal.ConfigInvoker.invokeConfigurationMethod(ConfigInvoker.java:366)
at org.testng.internal.ConfigInvoker.invokeConfigurations(ConfigInvoker.java:320)
at org.testng.TestRunner.invokeTestConfigurations(TestRunner.java:617)
at org.testng.TestRunner.beforeRun(TestRunner.java:607)
at org.testng.TestRunner.run(TestRunner.java:578)
at org.testng.SuiteRunner.runTest(SuiteRunner.java:384)
at org.testng.SuiteRunner.runSequentially(SuiteRunner.java:378)
at org.testng.SuiteRunner.privateRun(SuiteRunner.java:337)
at org.testng.SuiteRunner.run(SuiteRunner.java:286)
at org.testng.SuiteRunnerWorker.runSuite(SuiteRunnerWorker.java:53)
at org.testng.SuiteRunnerWorker.run(SuiteRunnerWorker.java:96)
at org.testng.TestNG.runSuitesSequentially(TestNG.java:1218)
at org.testng.TestNG.runSuitesLocally(TestNG.java:1140)
at org.testng.TestNG.runSuites(TestNG.java:1069)
at org.testng.TestNG.run(TestNG.java:1037)
at org.testng.remote.AbstractRemoteTestNG.run(AbstractRemoteTestNG.java:115)
at org.testng.remote.RemoteTestNG.initAndRun(RemoteTestNG.java:251)
at org.testng.remote.RemoteTestNG.main(RemoteTestNG.java:77)
]]>
            </full-stacktrace>
          </exception> <!-- org.openqa.selenium.SessionNotCreatedException -->
          <reporter-output>
          </reporter-output>
        </test-method> <!-- loginWithoutCaptcha -->
        <test-method signature="loginWithoutCaptchaandPassword()[pri:12, instance:IdentifyBikesandCars.IdentifyBikesTest@710b18a6]" started-at="2020-11-06T17:36:18 IST" name="loginWithoutCaptchaandPassword" finished-at="2020-11-06T17:36:18 IST" duration-ms="0" status="SKIP">
          <exception class="org.openqa.selenium.SessionNotCreatedException">
            <message>
              <![CDATA[session not created: This version of ChromeDriver only supports Chrome version 79
Build info: version: '3.141.59', revision: 'e82be7d358', time: '2018-11-14T08:17:03'
System info: host: 'DESKTOP-VJLDRGC', ip: '192.168.0.102', os.name: 'Windows 10', os.arch: 'amd64', os.version: '10.0', java.version: '14.0.2'
Driver info: driver.version: ChromeDriver
remote stacktrace: Backtrace:
Ordinal0 [0x00CE9F93+1548179]
Ordinal0 [0x00C6DC51+1039441]
Ordinal0 [0x00BEE495+517269]
Ordinal0 [0x00B7FD34+64820]
Ordinal0 [0x00B7C61E+50718]
Ordinal0 [0x00B9B797+178071]
Ordinal0 [0x00B9B59D+177565]
Ordinal0 [0x00B995FB+169467]
Ordinal0 [0x00B8160A+71178]
Ordinal0 [0x00B82690+75408]
Ordinal0 [0x00B82629+75305]
Ordinal0 [0x00C87047+1142855]
GetHandleVerifier [0x00D82996+507766]
GetHandleVerifier [0x00D826B4+507028]
GetHandleVerifier [0x00D89D97+537463]
GetHandleVerifier [0x00D83252+510002]
Ordinal0 [0x00C7F12C+1110316]
Ordinal0 [0x00C8921B+1151515]
Ordinal0 [0x00C89383+1151875]
Ordinal0 [0x00C88285+1147525]
BaseThreadInitThunk [0x76AB6359+25]
RtlGetAppContainerNamedObjectPath [0x773B7B74+228]
RtlGetAppContainerNamedObjectPath [0x773B7B44+180]
]]>
            </message>
            <full-stacktrace>
              <![CDATA[org.openqa.selenium.SessionNotCreatedException: session not created: This version of ChromeDriver only supports Chrome version 79
Build info: version: '3.141.59', revision: 'e82be7d358', time: '2018-11-14T08:17:03'
System info: host: 'DESKTOP-VJLDRGC', ip: '192.168.0.102', os.name: 'Windows 10', os.arch: 'amd64', os.version: '10.0', java.version: '14.0.2'
Driver info: driver.version: ChromeDriver
remote stacktrace: Backtrace:
Ordinal0 [0x00CE9F93+1548179]
Ordinal0 [0x00C6DC51+1039441]
Ordinal0 [0x00BEE495+517269]
Ordinal0 [0x00B7FD34+64820]
Ordinal0 [0x00B7C61E+50718]
Ordinal0 [0x00B9B797+178071]
Ordinal0 [0x00B9B59D+177565]
Ordinal0 [0x00B995FB+169467]
Ordinal0 [0x00B8160A+71178]
Ordinal0 [0x00B82690+75408]
Ordinal0 [0x00B82629+75305]
Ordinal0 [0x00C87047+1142855]
GetHandleVerifier [0x00D82996+507766]
GetHandleVerifier [0x00D826B4+507028]
GetHandleVerifier [0x00D89D97+537463]
GetHandleVerifier [0x00D83252+510002]
Ordinal0 [0x00C7F12C+1110316]
Ordinal0 [0x00C8921B+1151515]
Ordinal0 [0x00C89383+1151875]
Ordinal0 [0x00C88285+1147525]
BaseThreadInitThunk [0x76AB6359+25]
RtlGetAppContainerNamedObjectPath [0x773B7B74+228]
RtlGetAppContainerNamedObjectPath [0x773B7B44+180]

at java.base/jdk.internal.reflect.NativeConstructorAccessorImpl.newInstance0(Native Method)
at java.base/jdk.internal.reflect.NativeConstructorAccessorImpl.newInstance(Unknown Source)
at java.base/jdk.internal.reflect.DelegatingConstructorAccessorImpl.newInstance(Unknown Source)
at java.base/java.lang.reflect.Constructor.newInstanceWithCaller(Unknown Source)
at java.base/java.lang.reflect.Constructor.newInstance(Unknown Source)
at org.openqa.selenium.remote.W3CHandshakeResponse.lambda$errorHandler$0(W3CHandshakeResponse.java:62)
at org.openqa.selenium.remote.HandshakeResponse.lambda$getResponseFunction$0(HandshakeResponse.java:30)
at org.openqa.selenium.remote.ProtocolHandshake.lambda$createSession$0(ProtocolHandshake.java:126)
at java.base/java.util.stream.ReferencePipeline$3$1.accept(Unknown Source)
at java.base/java.util.Spliterators$ArraySpliterator.tryAdvance(Unknown Source)
at java.base/java.util.stream.ReferencePipeline.forEachWithCancel(Unknown Source)
at java.base/java.util.stream.AbstractPipeline.copyIntoWithCancel(Unknown Source)
at java.base/java.util.stream.AbstractPipeline.copyInto(Unknown Source)
at java.base/java.util.stream.AbstractPipeline.wrapAndCopyInto(Unknown Source)
at java.base/java.util.stream.FindOps$FindOp.evaluateSequential(Unknown Source)
at java.base/java.util.stream.AbstractPipeline.evaluate(Unknown Source)
at java.base/java.util.stream.ReferencePipeline.findFirst(Unknown Source)
at org.openqa.selenium.remote.ProtocolHandshake.createSession(ProtocolHandshake.java:128)
at org.openqa.selenium.remote.ProtocolHandshake.createSession(ProtocolHandshake.java:74)
at org.openqa.selenium.remote.HttpCommandExecutor.execute(HttpCommandExecutor.java:136)
at org.openqa.selenium.remote.service.DriverCommandExecutor.execute(DriverCommandExecutor.java:83)
at org.openqa.selenium.remote.RemoteWebDriver.execute(RemoteWebDriver.java:552)
at org.openqa.selenium.remote.RemoteWebDriver.startSession(RemoteWebDriver.java:213)
at org.openqa.selenium.remote.RemoteWebDriver.<init>(RemoteWebDriver.java:131)
at org.openqa.selenium.chrome.ChromeDriver.<init>(ChromeDriver.java:181)
at org.openqa.selenium.chrome.ChromeDriver.<init>(ChromeDriver.java:168)
at org.openqa.selenium.chrome.ChromeDriver.<init>(ChromeDriver.java:157)
at resources.base.initializeDriver(base.java:38)
at IdentifyBikesandCars.IdentifyBikesTest.initialize(IdentifyBikesTest.java:44)
at java.base/jdk.internal.reflect.NativeMethodAccessorImpl.invoke0(Native Method)
at java.base/jdk.internal.reflect.NativeMethodAccessorImpl.invoke(Unknown Source)
at java.base/jdk.internal.reflect.DelegatingMethodAccessorImpl.invoke(Unknown Source)
at java.base/java.lang.reflect.Method.invoke(Unknown Source)
at org.testng.internal.MethodInvocationHelper.invokeMethod(MethodInvocationHelper.java:132)
at org.testng.internal.MethodInvocationHelper.invokeMethodConsideringTimeout(MethodInvocationHelper.java:61)
at org.testng.internal.ConfigInvoker.invokeConfigurationMethod(ConfigInvoker.java:366)
at org.testng.internal.ConfigInvoker.invokeConfigurations(ConfigInvoker.java:320)
at org.testng.TestRunner.invokeTestConfigurations(TestRunner.java:617)
at org.testng.TestRunner.beforeRun(TestRunner.java:607)
at org.testng.TestRunner.run(TestRunner.java:578)
at org.testng.SuiteRunner.runTest(SuiteRunner.java:384)
at org.testng.SuiteRunner.runSequentially(SuiteRunner.java:378)
at org.testng.SuiteRunner.privateRun(SuiteRunner.java:337)
at org.testng.SuiteRunner.run(SuiteRunner.java:286)
at org.testng.SuiteRunnerWorker.runSuite(SuiteRunnerWorker.java:53)
at org.testng.SuiteRunnerWorker.run(SuiteRunnerWorker.java:96)
at org.testng.TestNG.runSuitesSequentially(TestNG.java:1218)
at org.testng.TestNG.runSuitesLocally(TestNG.java:1140)
at org.testng.TestNG.runSuites(TestNG.java:1069)
at org.testng.TestNG.run(TestNG.java:1037)
at org.testng.remote.AbstractRemoteTestNG.run(AbstractRemoteTestNG.java:115)
at org.testng.remote.RemoteTestNG.initAndRun(RemoteTestNG.java:251)
at org.testng.remote.RemoteTestNG.main(RemoteTestNG.java:77)
]]>
            </full-stacktrace>
          </exception> <!-- org.openqa.selenium.SessionNotCreatedException -->
          <reporter-output>
          </reporter-output>
        </test-method> <!-- loginWithoutCaptchaandPassword -->
        <test-method signature="loginTest()[pri:13, instance:IdentifyBikesandCars.IdentifyBikesTest@710b18a6]" started-at="2020-11-06T17:36:18 IST" name="loginTest" finished-at="2020-11-06T17:36:18 IST" duration-ms="0" status="SKIP">
          <exception class="org.openqa.selenium.SessionNotCreatedException">
            <message>
              <![CDATA[session not created: This version of ChromeDriver only supports Chrome version 79
Build info: version: '3.141.59', revision: 'e82be7d358', time: '2018-11-14T08:17:03'
System info: host: 'DESKTOP-VJLDRGC', ip: '192.168.0.102', os.name: 'Windows 10', os.arch: 'amd64', os.version: '10.0', java.version: '14.0.2'
Driver info: driver.version: ChromeDriver
remote stacktrace: Backtrace:
Ordinal0 [0x00CE9F93+1548179]
Ordinal0 [0x00C6DC51+1039441]
Ordinal0 [0x00BEE495+517269]
Ordinal0 [0x00B7FD34+64820]
Ordinal0 [0x00B7C61E+50718]
Ordinal0 [0x00B9B797+178071]
Ordinal0 [0x00B9B59D+177565]
Ordinal0 [0x00B995FB+169467]
Ordinal0 [0x00B8160A+71178]
Ordinal0 [0x00B82690+75408]
Ordinal0 [0x00B82629+75305]
Ordinal0 [0x00C87047+1142855]
GetHandleVerifier [0x00D82996+507766]
GetHandleVerifier [0x00D826B4+507028]
GetHandleVerifier [0x00D89D97+537463]
GetHandleVerifier [0x00D83252+510002]
Ordinal0 [0x00C7F12C+1110316]
Ordinal0 [0x00C8921B+1151515]
Ordinal0 [0x00C89383+1151875]
Ordinal0 [0x00C88285+1147525]
BaseThreadInitThunk [0x76AB6359+25]
RtlGetAppContainerNamedObjectPath [0x773B7B74+228]
RtlGetAppContainerNamedObjectPath [0x773B7B44+180]
]]>
            </message>
            <full-stacktrace>
              <![CDATA[org.openqa.selenium.SessionNotCreatedException: session not created: This version of ChromeDriver only supports Chrome version 79
Build info: version: '3.141.59', revision: 'e82be7d358', time: '2018-11-14T08:17:03'
System info: host: 'DESKTOP-VJLDRGC', ip: '192.168.0.102', os.name: 'Windows 10', os.arch: 'amd64', os.version: '10.0', java.version: '14.0.2'
Driver info: driver.version: ChromeDriver
remote stacktrace: Backtrace:
Ordinal0 [0x00CE9F93+1548179]
Ordinal0 [0x00C6DC51+1039441]
Ordinal0 [0x00BEE495+517269]
Ordinal0 [0x00B7FD34+64820]
Ordinal0 [0x00B7C61E+50718]
Ordinal0 [0x00B9B797+178071]
Ordinal0 [0x00B9B59D+177565]
Ordinal0 [0x00B995FB+169467]
Ordinal0 [0x00B8160A+71178]
Ordinal0 [0x00B82690+75408]
Ordinal0 [0x00B82629+75305]
Ordinal0 [0x00C87047+1142855]
GetHandleVerifier [0x00D82996+507766]
GetHandleVerifier [0x00D826B4+507028]
GetHandleVerifier [0x00D89D97+537463]
GetHandleVerifier [0x00D83252+510002]
Ordinal0 [0x00C7F12C+1110316]
Ordinal0 [0x00C8921B+1151515]
Ordinal0 [0x00C89383+1151875]
Ordinal0 [0x00C88285+1147525]
BaseThreadInitThunk [0x76AB6359+25]
RtlGetAppContainerNamedObjectPath [0x773B7B74+228]
RtlGetAppContainerNamedObjectPath [0x773B7B44+180]

at java.base/jdk.internal.reflect.NativeConstructorAccessorImpl.newInstance0(Native Method)
at java.base/jdk.internal.reflect.NativeConstructorAccessorImpl.newInstance(Unknown Source)
at java.base/jdk.internal.reflect.DelegatingConstructorAccessorImpl.newInstance(Unknown Source)
at java.base/java.lang.reflect.Constructor.newInstanceWithCaller(Unknown Source)
at java.base/java.lang.reflect.Constructor.newInstance(Unknown Source)
at org.openqa.selenium.remote.W3CHandshakeResponse.lambda$errorHandler$0(W3CHandshakeResponse.java:62)
at org.openqa.selenium.remote.HandshakeResponse.lambda$getResponseFunction$0(HandshakeResponse.java:30)
at org.openqa.selenium.remote.ProtocolHandshake.lambda$createSession$0(ProtocolHandshake.java:126)
at java.base/java.util.stream.ReferencePipeline$3$1.accept(Unknown Source)
at java.base/java.util.Spliterators$ArraySpliterator.tryAdvance(Unknown Source)
at java.base/java.util.stream.ReferencePipeline.forEachWithCancel(Unknown Source)
at java.base/java.util.stream.AbstractPipeline.copyIntoWithCancel(Unknown Source)
at java.base/java.util.stream.AbstractPipeline.copyInto(Unknown Source)
at java.base/java.util.stream.AbstractPipeline.wrapAndCopyInto(Unknown Source)
at java.base/java.util.stream.FindOps$FindOp.evaluateSequential(Unknown Source)
at java.base/java.util.stream.AbstractPipeline.evaluate(Unknown Source)
at java.base/java.util.stream.ReferencePipeline.findFirst(Unknown Source)
at org.openqa.selenium.remote.ProtocolHandshake.createSession(ProtocolHandshake.java:128)
at org.openqa.selenium.remote.ProtocolHandshake.createSession(ProtocolHandshake.java:74)
at org.openqa.selenium.remote.HttpCommandExecutor.execute(HttpCommandExecutor.java:136)
at org.openqa.selenium.remote.service.DriverCommandExecutor.execute(DriverCommandExecutor.java:83)
at org.openqa.selenium.remote.RemoteWebDriver.execute(RemoteWebDriver.java:552)
at org.openqa.selenium.remote.RemoteWebDriver.startSession(RemoteWebDriver.java:213)
at org.openqa.selenium.remote.RemoteWebDriver.<init>(RemoteWebDriver.java:131)
at org.openqa.selenium.chrome.ChromeDriver.<init>(ChromeDriver.java:181)
at org.openqa.selenium.chrome.ChromeDriver.<init>(ChromeDriver.java:168)
at org.openqa.selenium.chrome.ChromeDriver.<init>(ChromeDriver.java:157)
at resources.base.initializeDriver(base.java:38)
at IdentifyBikesandCars.IdentifyBikesTest.initialize(IdentifyBikesTest.java:44)
at java.base/jdk.internal.reflect.NativeMethodAccessorImpl.invoke0(Native Method)
at java.base/jdk.internal.reflect.NativeMethodAccessorImpl.invoke(Unknown Source)
at java.base/jdk.internal.reflect.DelegatingMethodAccessorImpl.invoke(Unknown Source)
at java.base/java.lang.reflect.Method.invoke(Unknown Source)
at org.testng.internal.MethodInvocationHelper.invokeMethod(MethodInvocationHelper.java:132)
at org.testng.internal.MethodInvocationHelper.invokeMethodConsideringTimeout(MethodInvocationHelper.java:61)
at org.testng.internal.ConfigInvoker.invokeConfigurationMethod(ConfigInvoker.java:366)
at org.testng.internal.ConfigInvoker.invokeConfigurations(ConfigInvoker.java:320)
at org.testng.TestRunner.invokeTestConfigurations(TestRunner.java:617)
at org.testng.TestRunner.beforeRun(TestRunner.java:607)
at org.testng.TestRunner.run(TestRunner.java:578)
at org.testng.SuiteRunner.runTest(SuiteRunner.java:384)
at org.testng.SuiteRunner.runSequentially(SuiteRunner.java:378)
at org.testng.SuiteRunner.privateRun(SuiteRunner.java:337)
at org.testng.SuiteRunner.run(SuiteRunner.java:286)
at org.testng.SuiteRunnerWorker.runSuite(SuiteRunnerWorker.java:53)
at org.testng.SuiteRunnerWorker.run(SuiteRunnerWorker.java:96)
at org.testng.TestNG.runSuitesSequentially(TestNG.java:1218)
at org.testng.TestNG.runSuitesLocally(TestNG.java:1140)
at org.testng.TestNG.runSuites(TestNG.java:1069)
at org.testng.TestNG.run(TestNG.java:1037)
at org.testng.remote.AbstractRemoteTestNG.run(AbstractRemoteTestNG.java:115)
at org.testng.remote.RemoteTestNG.initAndRun(RemoteTestNG.java:251)
at org.testng.remote.RemoteTestNG.main(RemoteTestNG.java:77)
]]>
            </full-stacktrace>
          </exception> <!-- org.openqa.selenium.SessionNotCreatedException -->
          <reporter-output>
          </reporter-output>
        </test-method> <!-- loginTest -->
        <test-method signature="loginTest2()[pri:14, instance:IdentifyBikesandCars.IdentifyBikesTest@710b18a6]" started-at="2020-11-06T17:36:18 IST" name="loginTest2" finished-at="2020-11-06T17:36:18 IST" duration-ms="0" status="SKIP">
          <exception class="org.openqa.selenium.SessionNotCreatedException">
            <message>
              <![CDATA[session not created: This version of ChromeDriver only supports Chrome version 79
Build info: version: '3.141.59', revision: 'e82be7d358', time: '2018-11-14T08:17:03'
System info: host: 'DESKTOP-VJLDRGC', ip: '192.168.0.102', os.name: 'Windows 10', os.arch: 'amd64', os.version: '10.0', java.version: '14.0.2'
Driver info: driver.version: ChromeDriver
remote stacktrace: Backtrace:
Ordinal0 [0x00CE9F93+1548179]
Ordinal0 [0x00C6DC51+1039441]
Ordinal0 [0x00BEE495+517269]
Ordinal0 [0x00B7FD34+64820]
Ordinal0 [0x00B7C61E+50718]
Ordinal0 [0x00B9B797+178071]
Ordinal0 [0x00B9B59D+177565]
Ordinal0 [0x00B995FB+169467]
Ordinal0 [0x00B8160A+71178]
Ordinal0 [0x00B82690+75408]
Ordinal0 [0x00B82629+75305]
Ordinal0 [0x00C87047+1142855]
GetHandleVerifier [0x00D82996+507766]
GetHandleVerifier [0x00D826B4+507028]
GetHandleVerifier [0x00D89D97+537463]
GetHandleVerifier [0x00D83252+510002]
Ordinal0 [0x00C7F12C+1110316]
Ordinal0 [0x00C8921B+1151515]
Ordinal0 [0x00C89383+1151875]
Ordinal0 [0x00C88285+1147525]
BaseThreadInitThunk [0x76AB6359+25]
RtlGetAppContainerNamedObjectPath [0x773B7B74+228]
RtlGetAppContainerNamedObjectPath [0x773B7B44+180]
]]>
            </message>
            <full-stacktrace>
              <![CDATA[org.openqa.selenium.SessionNotCreatedException: session not created: This version of ChromeDriver only supports Chrome version 79
Build info: version: '3.141.59', revision: 'e82be7d358', time: '2018-11-14T08:17:03'
System info: host: 'DESKTOP-VJLDRGC', ip: '192.168.0.102', os.name: 'Windows 10', os.arch: 'amd64', os.version: '10.0', java.version: '14.0.2'
Driver info: driver.version: ChromeDriver
remote stacktrace: Backtrace:
Ordinal0 [0x00CE9F93+1548179]
Ordinal0 [0x00C6DC51+1039441]
Ordinal0 [0x00BEE495+517269]
Ordinal0 [0x00B7FD34+64820]
Ordinal0 [0x00B7C61E+50718]
Ordinal0 [0x00B9B797+178071]
Ordinal0 [0x00B9B59D+177565]
Ordinal0 [0x00B995FB+169467]
Ordinal0 [0x00B8160A+71178]
Ordinal0 [0x00B82690+75408]
Ordinal0 [0x00B82629+75305]
Ordinal0 [0x00C87047+1142855]
GetHandleVerifier [0x00D82996+507766]
GetHandleVerifier [0x00D826B4+507028]
GetHandleVerifier [0x00D89D97+537463]
GetHandleVerifier [0x00D83252+510002]
Ordinal0 [0x00C7F12C+1110316]
Ordinal0 [0x00C8921B+1151515]
Ordinal0 [0x00C89383+1151875]
Ordinal0 [0x00C88285+1147525]
BaseThreadInitThunk [0x76AB6359+25]
RtlGetAppContainerNamedObjectPath [0x773B7B74+228]
RtlGetAppContainerNamedObjectPath [0x773B7B44+180]

at java.base/jdk.internal.reflect.NativeConstructorAccessorImpl.newInstance0(Native Method)
at java.base/jdk.internal.reflect.NativeConstructorAccessorImpl.newInstance(Unknown Source)
at java.base/jdk.internal.reflect.DelegatingConstructorAccessorImpl.newInstance(Unknown Source)
at java.base/java.lang.reflect.Constructor.newInstanceWithCaller(Unknown Source)
at java.base/java.lang.reflect.Constructor.newInstance(Unknown Source)
at org.openqa.selenium.remote.W3CHandshakeResponse.lambda$errorHandler$0(W3CHandshakeResponse.java:62)
at org.openqa.selenium.remote.HandshakeResponse.lambda$getResponseFunction$0(HandshakeResponse.java:30)
at org.openqa.selenium.remote.ProtocolHandshake.lambda$createSession$0(ProtocolHandshake.java:126)
at java.base/java.util.stream.ReferencePipeline$3$1.accept(Unknown Source)
at java.base/java.util.Spliterators$ArraySpliterator.tryAdvance(Unknown Source)
at java.base/java.util.stream.ReferencePipeline.forEachWithCancel(Unknown Source)
at java.base/java.util.stream.AbstractPipeline.copyIntoWithCancel(Unknown Source)
at java.base/java.util.stream.AbstractPipeline.copyInto(Unknown Source)
at java.base/java.util.stream.AbstractPipeline.wrapAndCopyInto(Unknown Source)
at java.base/java.util.stream.FindOps$FindOp.evaluateSequential(Unknown Source)
at java.base/java.util.stream.AbstractPipeline.evaluate(Unknown Source)
at java.base/java.util.stream.ReferencePipeline.findFirst(Unknown Source)
at org.openqa.selenium.remote.ProtocolHandshake.createSession(ProtocolHandshake.java:128)
at org.openqa.selenium.remote.ProtocolHandshake.createSession(ProtocolHandshake.java:74)
at org.openqa.selenium.remote.HttpCommandExecutor.execute(HttpCommandExecutor.java:136)
at org.openqa.selenium.remote.service.DriverCommandExecutor.execute(DriverCommandExecutor.java:83)
at org.openqa.selenium.remote.RemoteWebDriver.execute(RemoteWebDriver.java:552)
at org.openqa.selenium.remote.RemoteWebDriver.startSession(RemoteWebDriver.java:213)
at org.openqa.selenium.remote.RemoteWebDriver.<init>(RemoteWebDriver.java:131)
at org.openqa.selenium.chrome.ChromeDriver.<init>(ChromeDriver.java:181)
at org.openqa.selenium.chrome.ChromeDriver.<init>(ChromeDriver.java:168)
at org.openqa.selenium.chrome.ChromeDriver.<init>(ChromeDriver.java:157)
at resources.base.initializeDriver(base.java:38)
at IdentifyBikesandCars.IdentifyBikesTest.initialize(IdentifyBikesTest.java:44)
at java.base/jdk.internal.reflect.NativeMethodAccessorImpl.invoke0(Native Method)
at java.base/jdk.internal.reflect.NativeMethodAccessorImpl.invoke(Unknown Source)
at java.base/jdk.internal.reflect.DelegatingMethodAccessorImpl.invoke(Unknown Source)
at java.base/java.lang.reflect.Method.invoke(Unknown Source)
at org.testng.internal.MethodInvocationHelper.invokeMethod(MethodInvocationHelper.java:132)
at org.testng.internal.MethodInvocationHelper.invokeMethodConsideringTimeout(MethodInvocationHelper.java:61)
at org.testng.internal.ConfigInvoker.invokeConfigurationMethod(ConfigInvoker.java:366)
at org.testng.internal.ConfigInvoker.invokeConfigurations(ConfigInvoker.java:320)
at org.testng.TestRunner.invokeTestConfigurations(TestRunner.java:617)
at org.testng.TestRunner.beforeRun(TestRunner.java:607)
at org.testng.TestRunner.run(TestRunner.java:578)
at org.testng.SuiteRunner.runTest(SuiteRunner.java:384)
at org.testng.SuiteRunner.runSequentially(SuiteRunner.java:378)
at org.testng.SuiteRunner.privateRun(SuiteRunner.java:337)
at org.testng.SuiteRunner.run(SuiteRunner.java:286)
at org.testng.SuiteRunnerWorker.runSuite(SuiteRunnerWorker.java:53)
at org.testng.SuiteRunnerWorker.run(SuiteRunnerWorker.java:96)
at org.testng.TestNG.runSuitesSequentially(TestNG.java:1218)
at org.testng.TestNG.runSuitesLocally(TestNG.java:1140)
at org.testng.TestNG.runSuites(TestNG.java:1069)
at org.testng.TestNG.run(TestNG.java:1037)
at org.testng.remote.AbstractRemoteTestNG.run(AbstractRemoteTestNG.java:115)
at org.testng.remote.RemoteTestNG.initAndRun(RemoteTestNG.java:251)
at org.testng.remote.RemoteTestNG.main(RemoteTestNG.java:77)
]]>
            </full-stacktrace>
          </exception> <!-- org.openqa.selenium.SessionNotCreatedException -->
          <reporter-output>
          </reporter-output>
        </test-method> <!-- loginTest2 -->
        <test-method signature="loginTest3()[pri:15, instance:IdentifyBikesandCars.IdentifyBikesTest@710b18a6]" started-at="2020-11-06T17:36:18 IST" name="loginTest3" finished-at="2020-11-06T17:36:18 IST" duration-ms="0" status="SKIP">
          <exception class="org.openqa.selenium.SessionNotCreatedException">
            <message>
              <![CDATA[session not created: This version of ChromeDriver only supports Chrome version 79
Build info: version: '3.141.59', revision: 'e82be7d358', time: '2018-11-14T08:17:03'
System info: host: 'DESKTOP-VJLDRGC', ip: '192.168.0.102', os.name: 'Windows 10', os.arch: 'amd64', os.version: '10.0', java.version: '14.0.2'
Driver info: driver.version: ChromeDriver
remote stacktrace: Backtrace:
Ordinal0 [0x00CE9F93+1548179]
Ordinal0 [0x00C6DC51+1039441]
Ordinal0 [0x00BEE495+517269]
Ordinal0 [0x00B7FD34+64820]
Ordinal0 [0x00B7C61E+50718]
Ordinal0 [0x00B9B797+178071]
Ordinal0 [0x00B9B59D+177565]
Ordinal0 [0x00B995FB+169467]
Ordinal0 [0x00B8160A+71178]
Ordinal0 [0x00B82690+75408]
Ordinal0 [0x00B82629+75305]
Ordinal0 [0x00C87047+1142855]
GetHandleVerifier [0x00D82996+507766]
GetHandleVerifier [0x00D826B4+507028]
GetHandleVerifier [0x00D89D97+537463]
GetHandleVerifier [0x00D83252+510002]
Ordinal0 [0x00C7F12C+1110316]
Ordinal0 [0x00C8921B+1151515]
Ordinal0 [0x00C89383+1151875]
Ordinal0 [0x00C88285+1147525]
BaseThreadInitThunk [0x76AB6359+25]
RtlGetAppContainerNamedObjectPath [0x773B7B74+228]
RtlGetAppContainerNamedObjectPath [0x773B7B44+180]
]]>
            </message>
            <full-stacktrace>
              <![CDATA[org.openqa.selenium.SessionNotCreatedException: session not created: This version of ChromeDriver only supports Chrome version 79
Build info: version: '3.141.59', revision: 'e82be7d358', time: '2018-11-14T08:17:03'
System info: host: 'DESKTOP-VJLDRGC', ip: '192.168.0.102', os.name: 'Windows 10', os.arch: 'amd64', os.version: '10.0', java.version: '14.0.2'
Driver info: driver.version: ChromeDriver
remote stacktrace: Backtrace:
Ordinal0 [0x00CE9F93+1548179]
Ordinal0 [0x00C6DC51+1039441]
Ordinal0 [0x00BEE495+517269]
Ordinal0 [0x00B7FD34+64820]
Ordinal0 [0x00B7C61E+50718]
Ordinal0 [0x00B9B797+178071]
Ordinal0 [0x00B9B59D+177565]
Ordinal0 [0x00B995FB+169467]
Ordinal0 [0x00B8160A+71178]
Ordinal0 [0x00B82690+75408]
Ordinal0 [0x00B82629+75305]
Ordinal0 [0x00C87047+1142855]
GetHandleVerifier [0x00D82996+507766]
GetHandleVerifier [0x00D826B4+507028]
GetHandleVerifier [0x00D89D97+537463]
GetHandleVerifier [0x00D83252+510002]
Ordinal0 [0x00C7F12C+1110316]
Ordinal0 [0x00C8921B+1151515]
Ordinal0 [0x00C89383+1151875]
Ordinal0 [0x00C88285+1147525]
BaseThreadInitThunk [0x76AB6359+25]
RtlGetAppContainerNamedObjectPath [0x773B7B74+228]
RtlGetAppContainerNamedObjectPath [0x773B7B44+180]

at java.base/jdk.internal.reflect.NativeConstructorAccessorImpl.newInstance0(Native Method)
at java.base/jdk.internal.reflect.NativeConstructorAccessorImpl.newInstance(Unknown Source)
at java.base/jdk.internal.reflect.DelegatingConstructorAccessorImpl.newInstance(Unknown Source)
at java.base/java.lang.reflect.Constructor.newInstanceWithCaller(Unknown Source)
at java.base/java.lang.reflect.Constructor.newInstance(Unknown Source)
at org.openqa.selenium.remote.W3CHandshakeResponse.lambda$errorHandler$0(W3CHandshakeResponse.java:62)
at org.openqa.selenium.remote.HandshakeResponse.lambda$getResponseFunction$0(HandshakeResponse.java:30)
at org.openqa.selenium.remote.ProtocolHandshake.lambda$createSession$0(ProtocolHandshake.java:126)
at java.base/java.util.stream.ReferencePipeline$3$1.accept(Unknown Source)
at java.base/java.util.Spliterators$ArraySpliterator.tryAdvance(Unknown Source)
at java.base/java.util.stream.ReferencePipeline.forEachWithCancel(Unknown Source)
at java.base/java.util.stream.AbstractPipeline.copyIntoWithCancel(Unknown Source)
at java.base/java.util.stream.AbstractPipeline.copyInto(Unknown Source)
at java.base/java.util.stream.AbstractPipeline.wrapAndCopyInto(Unknown Source)
at java.base/java.util.stream.FindOps$FindOp.evaluateSequential(Unknown Source)
at java.base/java.util.stream.AbstractPipeline.evaluate(Unknown Source)
at java.base/java.util.stream.ReferencePipeline.findFirst(Unknown Source)
at org.openqa.selenium.remote.ProtocolHandshake.createSession(ProtocolHandshake.java:128)
at org.openqa.selenium.remote.ProtocolHandshake.createSession(ProtocolHandshake.java:74)
at org.openqa.selenium.remote.HttpCommandExecutor.execute(HttpCommandExecutor.java:136)
at org.openqa.selenium.remote.service.DriverCommandExecutor.execute(DriverCommandExecutor.java:83)
at org.openqa.selenium.remote.RemoteWebDriver.execute(RemoteWebDriver.java:552)
at org.openqa.selenium.remote.RemoteWebDriver.startSession(RemoteWebDriver.java:213)
at org.openqa.selenium.remote.RemoteWebDriver.<init>(RemoteWebDriver.java:131)
at org.openqa.selenium.chrome.ChromeDriver.<init>(ChromeDriver.java:181)
at org.openqa.selenium.chrome.ChromeDriver.<init>(ChromeDriver.java:168)
at org.openqa.selenium.chrome.ChromeDriver.<init>(ChromeDriver.java:157)
at resources.base.initializeDriver(base.java:38)
at IdentifyBikesandCars.IdentifyBikesTest.initialize(IdentifyBikesTest.java:44)
at java.base/jdk.internal.reflect.NativeMethodAccessorImpl.invoke0(Native Method)
at java.base/jdk.internal.reflect.NativeMethodAccessorImpl.invoke(Unknown Source)
at java.base/jdk.internal.reflect.DelegatingMethodAccessorImpl.invoke(Unknown Source)
at java.base/java.lang.reflect.Method.invoke(Unknown Source)
at org.testng.internal.MethodInvocationHelper.invokeMethod(MethodInvocationHelper.java:132)
at org.testng.internal.MethodInvocationHelper.invokeMethodConsideringTimeout(MethodInvocationHelper.java:61)
at org.testng.internal.ConfigInvoker.invokeConfigurationMethod(ConfigInvoker.java:366)
at org.testng.internal.ConfigInvoker.invokeConfigurations(ConfigInvoker.java:320)
at org.testng.TestRunner.invokeTestConfigurations(TestRunner.java:617)
at org.testng.TestRunner.beforeRun(TestRunner.java:607)
at org.testng.TestRunner.run(TestRunner.java:578)
at org.testng.SuiteRunner.runTest(SuiteRunner.java:384)
at org.testng.SuiteRunner.runSequentially(SuiteRunner.java:378)
at org.testng.SuiteRunner.privateRun(SuiteRunner.java:337)
at org.testng.SuiteRunner.run(SuiteRunner.java:286)
at org.testng.SuiteRunnerWorker.runSuite(SuiteRunnerWorker.java:53)
at org.testng.SuiteRunnerWorker.run(SuiteRunnerWorker.java:96)
at org.testng.TestNG.runSuitesSequentially(TestNG.java:1218)
at org.testng.TestNG.runSuitesLocally(TestNG.java:1140)
at org.testng.TestNG.runSuites(TestNG.java:1069)
at org.testng.TestNG.run(TestNG.java:1037)
at org.testng.remote.AbstractRemoteTestNG.run(AbstractRemoteTestNG.java:115)
at org.testng.remote.RemoteTestNG.initAndRun(RemoteTestNG.java:251)
at org.testng.remote.RemoteTestNG.main(RemoteTestNG.java:77)
]]>
            </full-stacktrace>
          </exception> <!-- org.openqa.selenium.SessionNotCreatedException -->
          <reporter-output>
          </reporter-output>
        </test-method> <!-- loginTest3 -->
        <test-method is-config="true" signature="tearDown()[pri:0, instance:IdentifyBikesandCars.IdentifyBikesTest@710b18a6]" started-at="2020-11-06T17:36:18 IST" name="tearDown" finished-at="1970-01-01T05:30:00 IST" duration-ms="-1604664378127" status="SKIP">
          <reporter-output>
          </reporter-output>
        </test-method> <!-- tearDown -->
      </class> <!-- IdentifyBikesandCars.IdentifyBikesTest -->
    </test> <!-- Default test -->
  </suite> <!-- Default suite -->
</testng-results>
