<?xml version="1.0" encoding="UTF-8"?>
<!-- Generated by org.testng.reporters.JUnitReportReporter -->
<testsuite hostname="DESKTOP-VJLDRGC" failures="0" tests="17" name="IdentifyBikesandCars.IdentifyBikesTest" time="40.921" errors="1" timestamp="2020-11-06T17:36:19 IST" skipped="16">
  <testcase classname="IdentifyBikesandCars.IdentifyBikesTest" name="initialize" time="40.921">
    <error message="session not created: This version of ChromeDriver only supports Chrome version 79
Build info: version: &#039;3.141.59&#039;, revision: &#039;e82be7d358&#039;, time: &#039;2018-11-14T08:17:03&#039;
System info: host: &#039;DESKTOP-VJLDRGC&#039;, ip: &#039;192.168.0.102&#039;, os.name: &#039;Windows 10&#039;, os.arch: &#039;amd64&#039;, os.version: &#039;10.0&#039;, java.version: &#039;14.0.2&#039;
Driver info: driver.version: ChromeDriver
remote stacktrace: Backtrace:
	Ordinal0 [0x00CE9F93+1548179]
	Ordinal0 [0x00C6DC51+1039441]
	Ordinal0 [0x00BEE495+517269]
	Ordinal0 [0x00B7FD34+64820]
	Ordinal0 [0x00B7C61E+50718]
	Ordinal0 [0x00B9B797+178071]
	Ordinal0 [0x00B9B59D+177565]
	Ordinal0 [0x00B995FB+169467]
	Ordinal0 [0x00B8160A+71178]
	Ordinal0 [0x00B82690+75408]
	Ordinal0 [0x00B82629+75305]
	Ordinal0 [0x00C87047+1142855]
	GetHandleVerifier [0x00D82996+507766]
	GetHandleVerifier [0x00D826B4+507028]
	GetHandleVerifier [0x00D89D97+537463]
	GetHandleVerifier [0x00D83252+510002]
	Ordinal0 [0x00C7F12C+1110316]
	Ordinal0 [0x00C8921B+1151515]
	Ordinal0 [0x00C89383+1151875]
	Ordinal0 [0x00C88285+1147525]
	BaseThreadInitThunk [0x76AB6359+25]
	RtlGetAppContainerNamedObjectPath [0x773B7B74+228]
	RtlGetAppContainerNamedObjectPath [0x773B7B44+180]
" type="org.openqa.selenium.SessionNotCreatedException">
      <![CDATA[org.openqa.selenium.SessionNotCreatedException: session not created: This version of ChromeDriver only supports Chrome version 79
Build info: version: '3.141.59', revision: 'e82be7d358', time: '2018-11-14T08:17:03'
System info: host: 'DESKTOP-VJLDRGC', ip: '192.168.0.102', os.name: 'Windows 10', os.arch: 'amd64', os.version: '10.0', java.version: '14.0.2'
Driver info: driver.version: ChromeDriver
remote stacktrace: Backtrace:
Ordinal0 [0x00CE9F93+1548179]
Ordinal0 [0x00C6DC51+1039441]
Ordinal0 [0x00BEE495+517269]
Ordinal0 [0x00B7FD34+64820]
Ordinal0 [0x00B7C61E+50718]
Ordinal0 [0x00B9B797+178071]
Ordinal0 [0x00B9B59D+177565]
Ordinal0 [0x00B995FB+169467]
Ordinal0 [0x00B8160A+71178]
Ordinal0 [0x00B82690+75408]
Ordinal0 [0x00B82629+75305]
Ordinal0 [0x00C87047+1142855]
GetHandleVerifier [0x00D82996+507766]
GetHandleVerifier [0x00D826B4+507028]
GetHandleVerifier [0x00D89D97+537463]
GetHandleVerifier [0x00D83252+510002]
Ordinal0 [0x00C7F12C+1110316]
Ordinal0 [0x00C8921B+1151515]
Ordinal0 [0x00C89383+1151875]
Ordinal0 [0x00C88285+1147525]
BaseThreadInitThunk [0x76AB6359+25]
RtlGetAppContainerNamedObjectPath [0x773B7B74+228]
RtlGetAppContainerNamedObjectPath [0x773B7B44+180]

at java.base/jdk.internal.reflect.NativeConstructorAccessorImpl.newInstance0(Native Method)
at java.base/jdk.internal.reflect.NativeConstructorAccessorImpl.newInstance(Unknown Source)
at java.base/jdk.internal.reflect.DelegatingConstructorAccessorImpl.newInstance(Unknown Source)
at java.base/java.lang.reflect.Constructor.newInstanceWithCaller(Unknown Source)
at java.base/java.lang.reflect.Constructor.newInstance(Unknown Source)
at org.openqa.selenium.remote.W3CHandshakeResponse.lambda$errorHandler$0(W3CHandshakeResponse.java:62)
at org.openqa.selenium.remote.HandshakeResponse.lambda$getResponseFunction$0(HandshakeResponse.java:30)
at org.openqa.selenium.remote.ProtocolHandshake.lambda$createSession$0(ProtocolHandshake.java:126)
at java.base/java.util.stream.ReferencePipeline$3$1.accept(Unknown Source)
at java.base/java.util.Spliterators$ArraySpliterator.tryAdvance(Unknown Source)
at java.base/java.util.stream.ReferencePipeline.forEachWithCancel(Unknown Source)
at java.base/java.util.stream.AbstractPipeline.copyIntoWithCancel(Unknown Source)
at java.base/java.util.stream.AbstractPipeline.copyInto(Unknown Source)
at java.base/java.util.stream.AbstractPipeline.wrapAndCopyInto(Unknown Source)
at java.base/java.util.stream.FindOps$FindOp.evaluateSequential(Unknown Source)
at java.base/java.util.stream.AbstractPipeline.evaluate(Unknown Source)
at java.base/java.util.stream.ReferencePipeline.findFirst(Unknown Source)
at org.openqa.selenium.remote.ProtocolHandshake.createSession(ProtocolHandshake.java:128)
at org.openqa.selenium.remote.ProtocolHandshake.createSession(ProtocolHandshake.java:74)
at org.openqa.selenium.remote.HttpCommandExecutor.execute(HttpCommandExecutor.java:136)
at org.openqa.selenium.remote.service.DriverCommandExecutor.execute(DriverCommandExecutor.java:83)
at org.openqa.selenium.remote.RemoteWebDriver.execute(RemoteWebDriver.java:552)
at org.openqa.selenium.remote.RemoteWebDriver.startSession(RemoteWebDriver.java:213)
at org.openqa.selenium.remote.RemoteWebDriver.<init>(RemoteWebDriver.java:131)
at org.openqa.selenium.chrome.ChromeDriver.<init>(ChromeDriver.java:181)
at org.openqa.selenium.chrome.ChromeDriver.<init>(ChromeDriver.java:168)
at org.openqa.selenium.chrome.ChromeDriver.<init>(ChromeDriver.java:157)
at resources.base.initializeDriver(base.java:38)
at IdentifyBikesandCars.IdentifyBikesTest.initialize(IdentifyBikesTest.java:44)
at java.base/jdk.internal.reflect.NativeMethodAccessorImpl.invoke0(Native Method)
at java.base/jdk.internal.reflect.NativeMethodAccessorImpl.invoke(Unknown Source)
at java.base/jdk.internal.reflect.DelegatingMethodAccessorImpl.invoke(Unknown Source)
at java.base/java.lang.reflect.Method.invoke(Unknown Source)
at org.testng.internal.MethodInvocationHelper.invokeMethod(MethodInvocationHelper.java:132)
at org.testng.internal.MethodInvocationHelper.invokeMethodConsideringTimeout(MethodInvocationHelper.java:61)
at org.testng.internal.ConfigInvoker.invokeConfigurationMethod(ConfigInvoker.java:366)
at org.testng.internal.ConfigInvoker.invokeConfigurations(ConfigInvoker.java:320)
at org.testng.TestRunner.invokeTestConfigurations(TestRunner.java:617)
at org.testng.TestRunner.beforeRun(TestRunner.java:607)
at org.testng.TestRunner.run(TestRunner.java:578)
at org.testng.SuiteRunner.runTest(SuiteRunner.java:384)
at org.testng.SuiteRunner.runSequentially(SuiteRunner.java:378)
at org.testng.SuiteRunner.privateRun(SuiteRunner.java:337)
at org.testng.SuiteRunner.run(SuiteRunner.java:286)
at org.testng.SuiteRunnerWorker.runSuite(SuiteRunnerWorker.java:53)
at org.testng.SuiteRunnerWorker.run(SuiteRunnerWorker.java:96)
at org.testng.TestNG.runSuitesSequentially(TestNG.java:1218)
at org.testng.TestNG.runSuitesLocally(TestNG.java:1140)
at org.testng.TestNG.runSuites(TestNG.java:1069)
at org.testng.TestNG.run(TestNG.java:1037)
at org.testng.remote.AbstractRemoteTestNG.run(AbstractRemoteTestNG.java:115)
at org.testng.remote.RemoteTestNG.initAndRun(RemoteTestNG.java:251)
at org.testng.remote.RemoteTestNG.main(RemoteTestNG.java:77)
]]>
    </error>
  </testcase> <!-- initialize -->
  <system-out/>
  <testcase classname="IdentifyBikesandCars.IdentifyBikesTest" name="getTitle" time="0.000">
    <skipped/>
  </testcase> <!-- getTitle -->
  <system-out/>
  <testcase classname="IdentifyBikesandCars.IdentifyBikesTest" name="Bikes" time="0.000">
    <skipped/>
  </testcase> <!-- Bikes -->
  <system-out/>
  <testcase classname="IdentifyBikesandCars.IdentifyBikesTest" name="upcomingBikes" time="0.000">
    <skipped/>
  </testcase> <!-- upcomingBikes -->
  <system-out/>
  <testcase classname="IdentifyBikesandCars.IdentifyBikesTest" name="selectBrand" time="0.000">
    <skipped/>
  </testcase> <!-- selectBrand -->
  <system-out/>
  <testcase classname="IdentifyBikesandCars.IdentifyBikesTest" name="getUpcomingBikes" time="0.000">
    <skipped/>
  </testcase> <!-- getUpcomingBikes -->
  <system-out/>
  <testcase classname="IdentifyBikesandCars.IdentifyBikesTest" name="usedCars" time="0.000">
    <skipped/>
  </testcase> <!-- usedCars -->
  <system-out/>
  <testcase classname="IdentifyBikesandCars.IdentifyBikesTest" name="getLocation" time="0.000">
    <skipped/>
  </testcase> <!-- getLocation -->
  <system-out/>
  <testcase classname="IdentifyBikesandCars.IdentifyBikesTest" name="getCarDetails" time="0.000">
    <skipped/>
  </testcase> <!-- getCarDetails -->
  <system-out/>
  <testcase classname="IdentifyBikesandCars.IdentifyBikesTest" name="loginInvalidEmail" time="0.000">
    <skipped/>
  </testcase> <!-- loginInvalidEmail -->
  <system-out/>
  <testcase classname="IdentifyBikesandCars.IdentifyBikesTest" name="loginWithoutPassword" time="0.000">
    <skipped/>
  </testcase> <!-- loginWithoutPassword -->
  <system-out/>
  <testcase classname="IdentifyBikesandCars.IdentifyBikesTest" name="loginWithoutEmail" time="0.000">
    <skipped/>
  </testcase> <!-- loginWithoutEmail -->
  <system-out/>
  <testcase classname="IdentifyBikesandCars.IdentifyBikesTest" name="loginWithoutCaptcha" time="0.000">
    <skipped/>
  </testcase> <!-- loginWithoutCaptcha -->
  <system-out/>
  <testcase classname="IdentifyBikesandCars.IdentifyBikesTest" name="loginWithoutCaptchaandPassword" time="0.000">
    <skipped/>
  </testcase> <!-- loginWithoutCaptchaandPassword -->
  <system-out/>
  <testcase classname="IdentifyBikesandCars.IdentifyBikesTest" name="loginTest" time="0.000">
    <skipped/>
  </testcase> <!-- loginTest -->
  <system-out/>
  <testcase classname="IdentifyBikesandCars.IdentifyBikesTest" name="loginTest2" time="0.000">
    <skipped/>
  </testcase> <!-- loginTest2 -->
  <system-out/>
  <testcase classname="IdentifyBikesandCars.IdentifyBikesTest" name="loginTest3" time="0.000">
    <skipped/>
  </testcase> <!-- loginTest3 -->
  <system-out/>
</testsuite> <!-- IdentifyBikesandCars.IdentifyBikesTest -->
